2025-09-17 21:49:53 | INFO | Logging to file: logs/project_log.log
2025-09-17 21:49:53 | INFO | Log sanitization enabled, personal info removed
2025-09-17 21:49:53 | INFO | Project root: C:/Users/USER/NorthWest/STREAMING_DATA/buzzline-04-binware
2025-09-17 21:49:53 | INFO | Data folder: C:/Users/USER/NorthWest/STREAMING_DATA/buzzline-04-binware/data
2025-09-17 21:49:53 | INFO | Data file: C:/Users/USER/NorthWest/STREAMING_DATA/buzzline-04-binware/data/buzz_live.json
2025-09-17 21:49:53 | INFO | START producer...
2025-09-17 21:49:53 | INFO | Hit CTRL c (or CMD c) to close.
2025-09-17 21:49:53 | INFO | Message interval: 3 seconds
2025-09-17 21:49:53 | INFO | {'message': 'I just tried a trick! It was amazing.', 'author': 'Bob'}
2025-09-17 21:49:56 | INFO | {'message': 'I just loved a movie! It was boring.', 'author': 'Eve'}
2025-09-17 21:49:59 | INFO | {'message': 'I just saw a meme! It was amazing.', 'author': 'Eve'}
2025-09-17 21:50:02 | INFO | {'message': 'I just tried a meme! It was exciting.', 'author': 'Charlie'}
2025-09-17 21:50:05 | INFO | {'message': 'I just saw a movie! It was boring.', 'author': 'Bob'}
2025-09-17 21:50:08 | INFO | {'message': 'I just found a trick! It was exciting.', 'author': 'Bob'}
2025-09-17 21:50:11 | INFO | {'message': 'I just loved a movie! It was boring.', 'author': 'Eve'}
2025-09-17 21:50:14 | INFO | {'message': 'I just shared a story! It was weird.', 'author': 'Charlie'}
2025-09-17 21:50:17 | INFO | {'message': 'I just shared a trick! It was weird.', 'author': 'Eve'}
2025-09-17 21:50:20 | INFO | {'message': 'I just loved a story! It was weird.', 'author': 'Alice'}
2025-09-17 21:50:23 | INFO | {'message': 'I just tried a trick! It was funny.', 'author': 'Bob'}
2025-09-17 21:50:26 | INFO | {'message': 'I just shared a story! It was funny.', 'author': 'Charlie'}
2025-09-17 21:50:29 | INFO | {'message': 'I just saw a trick! It was boring.', 'author': 'Bob'}
2025-09-17 21:50:32 | INFO | {'message': 'I just shared a trick! It was amazing.', 'author': 'Eve'}
2025-09-17 21:50:35 | INFO | {'message': 'I just shared an app! It was exciting.', 'author': 'Alice'}
2025-09-17 21:50:38 | INFO | {'message': 'I just found a trick! It was weird.', 'author': 'Bob'}
2025-09-17 21:50:41 | INFO | {'message': 'I just found a movie! It was boring.', 'author': 'Alice'}
2025-09-17 21:50:44 | INFO | {'message': 'I just found a movie! It was boring.', 'author': 'Alice'}
2025-09-17 21:50:47 | INFO | {'message': 'I just found a meme! It was weird.', 'author': 'Alice'}
2025-09-17 21:50:50 | INFO | {'message': 'I just saw a meme! It was funny.', 'author': 'Eve'}
2025-09-17 21:50:53 | INFO | {'message': 'I just saw an app! It was amazing.', 'author': 'Bob'}
2025-09-17 21:50:56 | INFO | {'message': 'I just tried a trick! It was funny.', 'author': 'Eve'}
2025-09-17 21:50:59 | INFO | {'message': 'I just loved a story! It was funny.', 'author': 'Charlie'}
2025-09-17 21:51:02 | INFO | {'message': 'I just tried a movie! It was weird.', 'author': 'Eve'}
2025-09-17 21:51:04 | WARNING | Producer interrupted by user.
2025-09-17 21:51:04 | INFO | Producer shutting down.
2025-09-18 16:46:17 | INFO | Logging to file: logs/project_log.log
2025-09-18 16:46:17 | INFO | Log sanitization enabled, personal info removed
2025-09-18 16:46:17 | INFO | Project root: C:/Users/USER/NorthWest/STREAMING_DATA/buzzline-04-binware
2025-09-18 16:46:17 | INFO | Data folder: C:/Users/USER/NorthWest/STREAMING_DATA/buzzline-04-binware/data
2025-09-18 16:46:17 | INFO | Data file: C:/Users/USER/NorthWest/STREAMING_DATA/buzzline-04-binware/data/buzz_live.json
2025-09-18 16:46:18 | INFO | START consumer.
2025-09-18 16:46:46 | INFO | Logging to file: logs/project_log.log
2025-09-18 16:46:46 | INFO | Log sanitization enabled, personal info removed
2025-09-18 16:46:46 | INFO | Project root: C:/Users/USER/NorthWest/STREAMING_DATA/buzzline-04-binware
2025-09-18 16:46:46 | INFO | Data folder: C:/Users/USER/NorthWest/STREAMING_DATA/buzzline-04-binware/data
2025-09-18 16:46:46 | INFO | Data file: C:/Users/USER/NorthWest/STREAMING_DATA/buzzline-04-binware/data/buzz_live.json
2025-09-18 16:46:46 | INFO | START producer...
2025-09-18 16:46:46 | INFO | Hit CTRL c (or CMD c) to close.
2025-09-18 16:46:46 | INFO | Message interval: 3 seconds
2025-09-18 16:46:46 | INFO | {'message': 'I just tried a meme! It was exciting.', 'author': 'Alice'}
2025-09-18 16:46:46 | INFO | Processed JSON message: {'message': 'I just tried a meme! It was exciting.', 'author': 'Alice'}
2025-09-18 16:46:46 | INFO | Message received from author: Alice
2025-09-18 16:46:46 | INFO | Updated author counts: {'Alice': 1}
2025-09-18 16:46:46 | INFO | Chart updated successfully for message: {"message": "I just tried a meme! It was exciting.", "author": "Alice"}

2025-09-18 16:46:49 | INFO | {'message': 'I just saw a story! It was exciting.', 'author': 'Alice'}
2025-09-18 16:46:49 | INFO | Processed JSON message: {'message': 'I just saw a story! It was exciting.', 'author': 'Alice'}
2025-09-18 16:46:49 | INFO | Message received from author: Alice
2025-09-18 16:46:49 | INFO | Updated author counts: {'Alice': 2}
2025-09-18 16:46:49 | INFO | Chart updated successfully for message: {"message": "I just saw a story! It was exciting.", "author": "Alice"}

2025-09-18 16:46:52 | INFO | {'message': 'I just found a movie! It was funny.', 'author': 'Bob'}
2025-09-18 16:46:52 | INFO | Processed JSON message: {'message': 'I just found a movie! It was funny.', 'author': 'Bob'}
2025-09-18 16:46:52 | INFO | Message received from author: Bob
2025-09-18 16:46:52 | INFO | Updated author counts: {'Alice': 2, 'Bob': 1}
2025-09-18 16:46:52 | INFO | Chart updated successfully for message: {"message": "I just found a movie! It was funny.", "author": "Bob"}

2025-09-18 16:46:55 | INFO | {'message': 'I just loved a story! It was exciting.', 'author': 'Bob'}
2025-09-18 16:46:55 | INFO | Processed JSON message: {'message': 'I just loved a story! It was exciting.', 'author': 'Bob'}
2025-09-18 16:46:55 | INFO | Message received from author: Bob
2025-09-18 16:46:55 | INFO | Updated author counts: {'Alice': 2, 'Bob': 2}
2025-09-18 16:46:55 | INFO | Chart updated successfully for message: {"message": "I just loved a story! It was exciting.", "author": "Bob"}

2025-09-18 16:46:58 | INFO | {'message': 'I just shared a trick! It was exciting.', 'author': 'Eve'}
2025-09-18 16:46:58 | INFO | Processed JSON message: {'message': 'I just shared a trick! It was exciting.', 'author': 'Eve'}
2025-09-18 16:46:58 | INFO | Message received from author: Eve
2025-09-18 16:46:58 | INFO | Updated author counts: {'Alice': 2, 'Bob': 2, 'Eve': 1}
2025-09-18 16:46:58 | INFO | Chart updated successfully for message: {"message": "I just shared a trick! It was exciting.", "author": "Eve"}

2025-09-18 16:47:01 | INFO | {'message': 'I just tried a meme! It was amazing.', 'author': 'Alice'}
2025-09-18 16:47:01 | INFO | Processed JSON message: {'message': 'I just tried a meme! It was amazing.', 'author': 'Alice'}
2025-09-18 16:47:01 | INFO | Message received from author: Alice
2025-09-18 16:47:01 | INFO | Updated author counts: {'Alice': 3, 'Bob': 2, 'Eve': 1}
2025-09-18 16:47:02 | INFO | Chart updated successfully for message: {"message": "I just tried a meme! It was amazing.", "author": "Alice"}

2025-09-18 16:47:04 | INFO | {'message': 'I just saw a movie! It was boring.', 'author': 'Charlie'}
2025-09-18 16:47:04 | INFO | Processed JSON message: {'message': 'I just saw a movie! It was boring.', 'author': 'Charlie'}
2025-09-18 16:47:04 | INFO | Message received from author: Charlie
2025-09-18 16:47:04 | INFO | Updated author counts: {'Alice': 3, 'Bob': 2, 'Eve': 1, 'Charlie': 1}
2025-09-18 16:47:04 | INFO | Chart updated successfully for message: {"message": "I just saw a movie! It was boring.", "author": "Charlie"}

2025-09-18 16:47:07 | INFO | {'message': 'I just tried a story! It was weird.', 'author': 'Alice'}
2025-09-18 16:47:07 | INFO | Processed JSON message: {'message': 'I just tried a story! It was weird.', 'author': 'Alice'}
2025-09-18 16:47:07 | INFO | Message received from author: Alice
2025-09-18 16:47:07 | INFO | Updated author counts: {'Alice': 4, 'Bob': 2, 'Eve': 1, 'Charlie': 1}
2025-09-18 16:47:07 | INFO | Chart updated successfully for message: {"message": "I just tried a story! It was weird.", "author": "Alice"}

2025-09-18 16:47:10 | INFO | {'message': 'I just tried a meme! It was boring.', 'author': 'Alice'}
2025-09-18 16:47:10 | INFO | Processed JSON message: {'message': 'I just tried a meme! It was boring.', 'author': 'Alice'}
2025-09-18 16:47:10 | INFO | Message received from author: Alice
2025-09-18 16:47:10 | INFO | Updated author counts: {'Alice': 5, 'Bob': 2, 'Eve': 1, 'Charlie': 1}
2025-09-18 16:47:10 | INFO | Chart updated successfully for message: {"message": "I just tried a meme! It was boring.", "author": "Alice"}

2025-09-18 16:47:13 | INFO | {'message': 'I just found a trick! It was amazing.', 'author': 'Charlie'}
2025-09-18 16:47:13 | INFO | Processed JSON message: {'message': 'I just found a trick! It was amazing.', 'author': 'Charlie'}
2025-09-18 16:47:13 | INFO | Message received from author: Charlie
2025-09-18 16:47:13 | INFO | Updated author counts: {'Alice': 5, 'Bob': 2, 'Eve': 1, 'Charlie': 2}
2025-09-18 16:47:13 | INFO | Chart updated successfully for message: {"message": "I just found a trick! It was amazing.", "author": "Charlie"}

2025-09-18 16:47:16 | INFO | {'message': 'I just saw a movie! It was boring.', 'author': 'Alice'}
2025-09-18 16:47:16 | INFO | Processed JSON message: {'message': 'I just saw a movie! It was boring.', 'author': 'Alice'}
2025-09-18 16:47:16 | INFO | Message received from author: Alice
2025-09-18 16:47:16 | INFO | Updated author counts: {'Alice': 6, 'Bob': 2, 'Eve': 1, 'Charlie': 2}
2025-09-18 16:47:16 | INFO | Chart updated successfully for message: {"message": "I just saw a movie! It was boring.", "author": "Alice"}

2025-09-18 16:47:19 | INFO | {'message': 'I just shared a meme! It was weird.', 'author': 'Bob'}
2025-09-18 16:47:19 | INFO | Processed JSON message: {'message': 'I just shared a meme! It was weird.', 'author': 'Bob'}
2025-09-18 16:47:19 | INFO | Message received from author: Bob
2025-09-18 16:47:19 | INFO | Updated author counts: {'Alice': 6, 'Bob': 3, 'Eve': 1, 'Charlie': 2}
2025-09-18 16:47:19 | INFO | Chart updated successfully for message: {"message": "I just shared a meme! It was weird.", "author": "Bob"}

2025-09-18 16:47:22 | INFO | {'message': 'I just loved an app! It was boring.', 'author': 'Alice'}
2025-09-18 16:47:22 | INFO | Processed JSON message: {'message': 'I just loved an app! It was boring.', 'author': 'Alice'}
2025-09-18 16:47:22 | INFO | Message received from author: Alice
2025-09-18 16:47:22 | INFO | Updated author counts: {'Alice': 7, 'Bob': 3, 'Eve': 1, 'Charlie': 2}
2025-09-18 16:47:22 | INFO | Chart updated successfully for message: {"message": "I just loved an app! It was boring.", "author": "Alice"}

2025-09-18 16:47:25 | INFO | {'message': 'I just tried a story! It was weird.', 'author': 'Alice'}
2025-09-18 16:47:25 | INFO | Processed JSON message: {'message': 'I just tried a story! It was weird.', 'author': 'Alice'}
2025-09-18 16:47:25 | INFO | Message received from author: Alice
2025-09-18 16:47:25 | INFO | Updated author counts: {'Alice': 8, 'Bob': 3, 'Eve': 1, 'Charlie': 2}
2025-09-18 16:47:25 | INFO | Chart updated successfully for message: {"message": "I just tried a story! It was weird.", "author": "Alice"}

2025-09-18 16:47:28 | INFO | {'message': 'I just tried an app! It was exciting.', 'author': 'Bob'}
2025-09-18 16:47:28 | INFO | Processed JSON message: {'message': 'I just tried an app! It was exciting.', 'author': 'Bob'}
2025-09-18 16:47:28 | INFO | Message received from author: Bob
2025-09-18 16:47:28 | INFO | Updated author counts: {'Alice': 8, 'Bob': 4, 'Eve': 1, 'Charlie': 2}
2025-09-18 16:47:28 | INFO | Chart updated successfully for message: {"message": "I just tried an app! It was exciting.", "author": "Bob"}

2025-09-18 16:47:31 | INFO | {'message': 'I just shared a story! It was boring.', 'author': 'Charlie'}
2025-09-18 16:47:31 | INFO | Processed JSON message: {'message': 'I just shared a story! It was boring.', 'author': 'Charlie'}
2025-09-18 16:47:31 | INFO | Message received from author: Charlie
2025-09-18 16:47:31 | INFO | Updated author counts: {'Alice': 8, 'Bob': 4, 'Eve': 1, 'Charlie': 3}
2025-09-18 16:47:31 | INFO | Chart updated successfully for message: {"message": "I just shared a story! It was boring.", "author": "Charlie"}

2025-09-18 16:47:34 | INFO | {'message': 'I just loved a movie! It was amazing.', 'author': 'Alice'}
2025-09-18 16:47:34 | INFO | Processed JSON message: {'message': 'I just loved a movie! It was amazing.', 'author': 'Alice'}
2025-09-18 16:47:34 | INFO | Message received from author: Alice
2025-09-18 16:47:34 | INFO | Updated author counts: {'Alice': 9, 'Bob': 4, 'Eve': 1, 'Charlie': 3}
2025-09-18 16:47:34 | INFO | Chart updated successfully for message: {"message": "I just loved a movie! It was amazing.", "author": "Alice"}

2025-09-18 16:47:37 | INFO | {'message': 'I just shared a meme! It was funny.', 'author': 'Alice'}
2025-09-18 16:47:37 | INFO | Processed JSON message: {'message': 'I just shared a meme! It was funny.', 'author': 'Alice'}
2025-09-18 16:47:37 | INFO | Message received from author: Alice
2025-09-18 16:47:37 | INFO | Updated author counts: {'Alice': 10, 'Bob': 4, 'Eve': 1, 'Charlie': 3}
2025-09-18 16:47:37 | INFO | Chart updated successfully for message: {"message": "I just shared a meme! It was funny.", "author": "Alice"}

2025-09-18 16:47:40 | INFO | {'message': 'I just found a trick! It was boring.', 'author': 'Charlie'}
2025-09-18 16:47:40 | INFO | Processed JSON message: {'message': 'I just found a trick! It was boring.', 'author': 'Charlie'}
2025-09-18 16:47:40 | INFO | Message received from author: Charlie
2025-09-18 16:47:40 | INFO | Updated author counts: {'Alice': 10, 'Bob': 4, 'Eve': 1, 'Charlie': 4}
2025-09-18 16:47:40 | INFO | Chart updated successfully for message: {"message": "I just found a trick! It was boring.", "author": "Charlie"}

2025-09-18 16:47:43 | INFO | {'message': 'I just saw an app! It was exciting.', 'author': 'Alice'}
2025-09-18 16:47:43 | INFO | Processed JSON message: {'message': 'I just saw an app! It was exciting.', 'author': 'Alice'}
2025-09-18 16:47:43 | INFO | Message received from author: Alice
2025-09-18 16:47:43 | INFO | Updated author counts: {'Alice': 11, 'Bob': 4, 'Eve': 1, 'Charlie': 4}
2025-09-18 16:47:43 | INFO | Chart updated successfully for message: {"message": "I just saw an app! It was exciting.", "author": "Alice"}

2025-09-18 16:47:46 | INFO | {'message': 'I just found a movie! It was exciting.', 'author': 'Bob'}
2025-09-18 16:47:46 | INFO | Processed JSON message: {'message': 'I just found a movie! It was exciting.', 'author': 'Bob'}
2025-09-18 16:47:46 | INFO | Message received from author: Bob
2025-09-18 16:47:46 | INFO | Updated author counts: {'Alice': 11, 'Bob': 5, 'Eve': 1, 'Charlie': 4}
2025-09-18 16:47:46 | INFO | Chart updated successfully for message: {"message": "I just found a movie! It was exciting.", "author": "Bob"}

2025-09-18 16:47:49 | INFO | {'message': 'I just shared a story! It was amazing.', 'author': 'Bob'}
2025-09-18 16:47:49 | INFO | Processed JSON message: {'message': 'I just shared a story! It was amazing.', 'author': 'Bob'}
2025-09-18 16:47:49 | INFO | Message received from author: Bob
2025-09-18 16:47:49 | INFO | Updated author counts: {'Alice': 11, 'Bob': 6, 'Eve': 1, 'Charlie': 4}
2025-09-18 16:47:49 | INFO | Chart updated successfully for message: {"message": "I just shared a story! It was amazing.", "author": "Bob"}

2025-09-18 16:47:52 | INFO | {'message': 'I just loved an app! It was funny.', 'author': 'Alice'}
2025-09-18 16:47:52 | INFO | Processed JSON message: {'message': 'I just loved an app! It was funny.', 'author': 'Alice'}
2025-09-18 16:47:52 | INFO | Message received from author: Alice
2025-09-18 16:47:52 | INFO | Updated author counts: {'Alice': 12, 'Bob': 6, 'Eve': 1, 'Charlie': 4}
2025-09-18 16:47:52 | INFO | Chart updated successfully for message: {"message": "I just loved an app! It was funny.", "author": "Alice"}

2025-09-18 16:47:55 | INFO | {'message': 'I just found a trick! It was exciting.', 'author': 'Alice'}
2025-09-18 16:47:55 | INFO | Processed JSON message: {'message': 'I just found a trick! It was exciting.', 'author': 'Alice'}
2025-09-18 16:47:55 | INFO | Message received from author: Alice
2025-09-18 16:47:55 | INFO | Updated author counts: {'Alice': 13, 'Bob': 6, 'Eve': 1, 'Charlie': 4}
2025-09-18 16:47:55 | INFO | Chart updated successfully for message: {"message": "I just found a trick! It was exciting.", "author": "Alice"}

2025-09-18 16:47:58 | INFO | {'message': 'I just shared a meme! It was weird.', 'author': 'Bob'}
2025-09-18 16:47:58 | INFO | Processed JSON message: {'message': 'I just shared a meme! It was weird.', 'author': 'Bob'}
2025-09-18 16:47:58 | INFO | Message received from author: Bob
2025-09-18 16:47:58 | INFO | Updated author counts: {'Alice': 13, 'Bob': 7, 'Eve': 1, 'Charlie': 4}
2025-09-18 16:47:58 | INFO | Chart updated successfully for message: {"message": "I just shared a meme! It was weird.", "author": "Bob"}

2025-09-18 16:48:01 | INFO | {'message': 'I just tried a meme! It was funny.', 'author': 'Eve'}
2025-09-18 16:48:01 | INFO | Processed JSON message: {'message': 'I just tried a meme! It was funny.', 'author': 'Eve'}
2025-09-18 16:48:01 | INFO | Message received from author: Eve
2025-09-18 16:48:01 | INFO | Updated author counts: {'Alice': 13, 'Bob': 7, 'Eve': 2, 'Charlie': 4}
2025-09-18 16:48:01 | INFO | Chart updated successfully for message: {"message": "I just tried a meme! It was funny.", "author": "Eve"}

2025-09-18 16:48:04 | INFO | {'message': 'I just shared a meme! It was exciting.', 'author': 'Bob'}
2025-09-18 16:48:04 | INFO | Processed JSON message: {'message': 'I just shared a meme! It was exciting.', 'author': 'Bob'}
2025-09-18 16:48:04 | INFO | Message received from author: Bob
2025-09-18 16:48:04 | INFO | Updated author counts: {'Alice': 13, 'Bob': 8, 'Eve': 2, 'Charlie': 4}
2025-09-18 16:48:04 | INFO | Chart updated successfully for message: {"message": "I just shared a meme! It was exciting.", "author": "Bob"}

2025-09-18 16:48:07 | INFO | {'message': 'I just saw a trick! It was exciting.', 'author': 'Alice'}
2025-09-18 16:48:07 | INFO | Processed JSON message: {'message': 'I just saw a trick! It was exciting.', 'author': 'Alice'}
2025-09-18 16:48:07 | INFO | Message received from author: Alice
2025-09-18 16:48:07 | INFO | Updated author counts: {'Alice': 14, 'Bob': 8, 'Eve': 2, 'Charlie': 4}
2025-09-18 16:48:07 | INFO | Chart updated successfully for message: {"message": "I just saw a trick! It was exciting.", "author": "Alice"}

2025-09-18 16:48:10 | INFO | {'message': 'I just found a movie! It was boring.', 'author': 'Eve'}
2025-09-18 16:48:10 | INFO | Processed JSON message: {'message': 'I just found a movie! It was boring.', 'author': 'Eve'}
2025-09-18 16:48:10 | INFO | Message received from author: Eve
2025-09-18 16:48:10 | INFO | Updated author counts: {'Alice': 14, 'Bob': 8, 'Eve': 3, 'Charlie': 4}
2025-09-18 16:48:10 | INFO | Chart updated successfully for message: {"message": "I just found a movie! It was boring.", "author": "Eve"}

2025-09-18 16:48:13 | INFO | {'message': 'I just saw an app! It was boring.', 'author': 'Eve'}
2025-09-18 16:48:13 | INFO | Processed JSON message: {'message': 'I just saw an app! It was boring.', 'author': 'Eve'}
2025-09-18 16:48:13 | INFO | Message received from author: Eve
2025-09-18 16:48:13 | INFO | Updated author counts: {'Alice': 14, 'Bob': 8, 'Eve': 4, 'Charlie': 4}
2025-09-18 16:48:13 | INFO | Chart updated successfully for message: {"message": "I just saw an app! It was boring.", "author": "Eve"}

2025-09-18 16:48:16 | INFO | {'message': 'I just loved a trick! It was funny.', 'author': 'Charlie'}
2025-09-18 16:48:16 | INFO | Processed JSON message: {'message': 'I just loved a trick! It was funny.', 'author': 'Charlie'}
2025-09-18 16:48:16 | INFO | Message received from author: Charlie
2025-09-18 16:48:16 | INFO | Updated author counts: {'Alice': 14, 'Bob': 8, 'Eve': 4, 'Charlie': 5}
2025-09-18 16:48:16 | INFO | Chart updated successfully for message: {"message": "I just loved a trick! It was funny.", "author": "Charlie"}

2025-09-18 16:48:19 | INFO | {'message': 'I just loved a meme! It was funny.', 'author': 'Bob'}
2025-09-18 16:48:19 | INFO | Processed JSON message: {'message': 'I just loved a meme! It was funny.', 'author': 'Bob'}
2025-09-18 16:48:19 | INFO | Message received from author: Bob
2025-09-18 16:48:19 | INFO | Updated author counts: {'Alice': 14, 'Bob': 9, 'Eve': 4, 'Charlie': 5}
2025-09-18 16:48:19 | INFO | Chart updated successfully for message: {"message": "I just loved a meme! It was funny.", "author": "Bob"}

2025-09-18 16:48:22 | INFO | {'message': 'I just shared a meme! It was weird.', 'author': 'Charlie'}
2025-09-18 16:48:22 | INFO | Processed JSON message: {'message': 'I just shared a meme! It was weird.', 'author': 'Charlie'}
2025-09-18 16:48:22 | INFO | Message received from author: Charlie
2025-09-18 16:48:22 | INFO | Updated author counts: {'Alice': 14, 'Bob': 9, 'Eve': 4, 'Charlie': 6}
2025-09-18 16:48:22 | INFO | Chart updated successfully for message: {"message": "I just shared a meme! It was weird.", "author": "Charlie"}

2025-09-18 16:48:25 | INFO | {'message': 'I just shared a trick! It was amazing.', 'author': 'Bob'}
2025-09-18 16:48:25 | INFO | Processed JSON message: {'message': 'I just shared a trick! It was amazing.', 'author': 'Bob'}
2025-09-18 16:48:25 | INFO | Message received from author: Bob
2025-09-18 16:48:25 | INFO | Updated author counts: {'Alice': 14, 'Bob': 10, 'Eve': 4, 'Charlie': 6}
2025-09-18 16:48:25 | INFO | Chart updated successfully for message: {"message": "I just shared a trick! It was amazing.", "author": "Bob"}

2025-09-18 16:48:28 | INFO | {'message': 'I just found a trick! It was exciting.', 'author': 'Alice'}
2025-09-18 16:48:28 | INFO | Processed JSON message: {'message': 'I just found a trick! It was exciting.', 'author': 'Alice'}
2025-09-18 16:48:28 | INFO | Message received from author: Alice
2025-09-18 16:48:28 | INFO | Updated author counts: {'Alice': 15, 'Bob': 10, 'Eve': 4, 'Charlie': 6}
2025-09-18 16:48:28 | INFO | Chart updated successfully for message: {"message": "I just found a trick! It was exciting.", "author": "Alice"}

2025-09-18 16:48:31 | INFO | {'message': 'I just loved a story! It was exciting.', 'author': 'Alice'}
2025-09-18 16:48:31 | INFO | Processed JSON message: {'message': 'I just loved a story! It was exciting.', 'author': 'Alice'}
2025-09-18 16:48:31 | INFO | Message received from author: Alice
2025-09-18 16:48:31 | INFO | Updated author counts: {'Alice': 16, 'Bob': 10, 'Eve': 4, 'Charlie': 6}
2025-09-18 16:48:31 | INFO | Chart updated successfully for message: {"message": "I just loved a story! It was exciting.", "author": "Alice"}

2025-09-18 16:48:34 | INFO | {'message': 'I just tried a movie! It was funny.', 'author': 'Bob'}
2025-09-18 16:48:34 | INFO | Processed JSON message: {'message': 'I just tried a movie! It was funny.', 'author': 'Bob'}
2025-09-18 16:48:34 | INFO | Message received from author: Bob
2025-09-18 16:48:34 | INFO | Updated author counts: {'Alice': 16, 'Bob': 11, 'Eve': 4, 'Charlie': 6}
2025-09-18 16:48:34 | INFO | Chart updated successfully for message: {"message": "I just tried a movie! It was funny.", "author": "Bob"}

2025-09-18 16:48:37 | INFO | {'message': 'I just saw a trick! It was exciting.', 'author': 'Alice'}
2025-09-18 16:48:37 | INFO | Processed JSON message: {'message': 'I just saw a trick! It was exciting.', 'author': 'Alice'}
2025-09-18 16:48:37 | INFO | Message received from author: Alice
2025-09-18 16:48:37 | INFO | Updated author counts: {'Alice': 17, 'Bob': 11, 'Eve': 4, 'Charlie': 6}
2025-09-18 16:48:37 | INFO | Chart updated successfully for message: {"message": "I just saw a trick! It was exciting.", "author": "Alice"}

2025-09-18 16:48:40 | INFO | {'message': 'I just saw a trick! It was boring.', 'author': 'Bob'}
2025-09-18 16:48:40 | INFO | Processed JSON message: {'message': 'I just saw a trick! It was boring.', 'author': 'Bob'}
2025-09-18 16:48:40 | INFO | Message received from author: Bob
2025-09-18 16:48:40 | INFO | Updated author counts: {'Alice': 17, 'Bob': 12, 'Eve': 4, 'Charlie': 6}
2025-09-18 16:48:40 | INFO | Chart updated successfully for message: {"message": "I just saw a trick! It was boring.", "author": "Bob"}

2025-09-18 16:48:43 | INFO | {'message': 'I just saw a movie! It was boring.', 'author': 'Alice'}
2025-09-18 16:48:43 | INFO | Processed JSON message: {'message': 'I just saw a movie! It was boring.', 'author': 'Alice'}
2025-09-18 16:48:43 | INFO | Message received from author: Alice
2025-09-18 16:48:43 | INFO | Updated author counts: {'Alice': 18, 'Bob': 12, 'Eve': 4, 'Charlie': 6}
2025-09-18 16:48:43 | INFO | Chart updated successfully for message: {"message": "I just saw a movie! It was boring.", "author": "Alice"}

2025-09-18 16:48:46 | INFO | {'message': 'I just tried a story! It was boring.', 'author': 'Eve'}
2025-09-18 16:48:46 | INFO | Processed JSON message: {'message': 'I just tried a story! It was boring.', 'author': 'Eve'}
2025-09-18 16:48:46 | INFO | Message received from author: Eve
2025-09-18 16:48:46 | INFO | Updated author counts: {'Alice': 18, 'Bob': 12, 'Eve': 5, 'Charlie': 6}
2025-09-18 16:48:46 | INFO | Chart updated successfully for message: {"message": "I just tried a story! It was boring.", "author": "Eve"}

2025-09-18 16:48:49 | INFO | {'message': 'I just shared a meme! It was boring.', 'author': 'Alice'}
2025-09-18 16:48:49 | INFO | Processed JSON message: {'message': 'I just shared a meme! It was boring.', 'author': 'Alice'}
2025-09-18 16:48:49 | INFO | Message received from author: Alice
2025-09-18 16:48:49 | INFO | Updated author counts: {'Alice': 19, 'Bob': 12, 'Eve': 5, 'Charlie': 6}
2025-09-18 16:48:49 | INFO | Chart updated successfully for message: {"message": "I just shared a meme! It was boring.", "author": "Alice"}

2025-09-18 16:48:52 | INFO | {'message': 'I just shared a movie! It was boring.', 'author': 'Eve'}
2025-09-18 16:48:52 | INFO | Processed JSON message: {'message': 'I just shared a movie! It was boring.', 'author': 'Eve'}
2025-09-18 16:48:52 | INFO | Message received from author: Eve
2025-09-18 16:48:52 | INFO | Updated author counts: {'Alice': 19, 'Bob': 12, 'Eve': 6, 'Charlie': 6}
2025-09-18 16:48:52 | INFO | Chart updated successfully for message: {"message": "I just shared a movie! It was boring.", "author": "Eve"}

2025-09-18 16:48:55 | INFO | {'message': 'I just shared a movie! It was boring.', 'author': 'Eve'}
2025-09-18 16:48:55 | INFO | Processed JSON message: {'message': 'I just shared a movie! It was boring.', 'author': 'Eve'}
2025-09-18 16:48:55 | INFO | Message received from author: Eve
2025-09-18 16:48:55 | INFO | Updated author counts: {'Alice': 19, 'Bob': 12, 'Eve': 7, 'Charlie': 6}
2025-09-18 16:48:55 | INFO | Chart updated successfully for message: {"message": "I just shared a movie! It was boring.", "author": "Eve"}

2025-09-18 16:48:58 | INFO | {'message': 'I just found a trick! It was funny.', 'author': 'Bob'}
2025-09-18 16:48:58 | INFO | Processed JSON message: {'message': 'I just found a trick! It was funny.', 'author': 'Bob'}
2025-09-18 16:48:58 | INFO | Message received from author: Bob
2025-09-18 16:48:58 | INFO | Updated author counts: {'Alice': 19, 'Bob': 13, 'Eve': 7, 'Charlie': 6}
2025-09-18 16:48:58 | INFO | Chart updated successfully for message: {"message": "I just found a trick! It was funny.", "author": "Bob"}

2025-09-18 16:49:01 | INFO | {'message': 'I just loved a trick! It was funny.', 'author': 'Eve'}
2025-09-18 16:49:01 | INFO | Processed JSON message: {'message': 'I just loved a trick! It was funny.', 'author': 'Eve'}
2025-09-18 16:49:01 | INFO | Message received from author: Eve
2025-09-18 16:49:01 | INFO | Updated author counts: {'Alice': 19, 'Bob': 13, 'Eve': 8, 'Charlie': 6}
2025-09-18 16:49:01 | INFO | Chart updated successfully for message: {"message": "I just loved a trick! It was funny.", "author": "Eve"}

2025-09-18 16:49:04 | INFO | {'message': 'I just found an app! It was weird.', 'author': 'Bob'}
2025-09-18 16:49:04 | INFO | Processed JSON message: {'message': 'I just found an app! It was weird.', 'author': 'Bob'}
2025-09-18 16:49:04 | INFO | Message received from author: Bob
2025-09-18 16:49:04 | INFO | Updated author counts: {'Alice': 19, 'Bob': 14, 'Eve': 8, 'Charlie': 6}
2025-09-18 16:49:04 | INFO | Chart updated successfully for message: {"message": "I just found an app! It was weird.", "author": "Bob"}

2025-09-18 16:49:07 | INFO | {'message': 'I just tried a movie! It was amazing.', 'author': 'Alice'}
2025-09-18 16:49:07 | INFO | Processed JSON message: {'message': 'I just tried a movie! It was amazing.', 'author': 'Alice'}
2025-09-18 16:49:07 | INFO | Message received from author: Alice
2025-09-18 16:49:07 | INFO | Updated author counts: {'Alice': 20, 'Bob': 14, 'Eve': 8, 'Charlie': 6}
2025-09-18 16:49:07 | INFO | Chart updated successfully for message: {"message": "I just tried a movie! It was amazing.", "author": "Alice"}

2025-09-18 16:49:10 | INFO | {'message': 'I just saw a meme! It was funny.', 'author': 'Alice'}
2025-09-18 16:49:10 | INFO | Processed JSON message: {'message': 'I just saw a meme! It was funny.', 'author': 'Alice'}
2025-09-18 16:49:10 | INFO | Message received from author: Alice
2025-09-18 16:49:10 | INFO | Updated author counts: {'Alice': 21, 'Bob': 14, 'Eve': 8, 'Charlie': 6}
2025-09-18 16:49:10 | INFO | Chart updated successfully for message: {"message": "I just saw a meme! It was funny.", "author": "Alice"}

2025-09-18 16:49:13 | INFO | {'message': 'I just found a trick! It was exciting.', 'author': 'Charlie'}
2025-09-18 16:49:13 | INFO | Processed JSON message: {'message': 'I just found a trick! It was exciting.', 'author': 'Charlie'}
2025-09-18 16:49:13 | INFO | Message received from author: Charlie
2025-09-18 16:49:13 | INFO | Updated author counts: {'Alice': 21, 'Bob': 14, 'Eve': 8, 'Charlie': 7}
2025-09-18 16:49:13 | INFO | Chart updated successfully for message: {"message": "I just found a trick! It was exciting.", "author": "Charlie"}

2025-09-18 16:49:16 | INFO | {'message': 'I just tried a story! It was funny.', 'author': 'Charlie'}
2025-09-18 16:49:16 | INFO | Processed JSON message: {'message': 'I just tried a story! It was funny.', 'author': 'Charlie'}
2025-09-18 16:49:16 | INFO | Message received from author: Charlie
2025-09-18 16:49:16 | INFO | Updated author counts: {'Alice': 21, 'Bob': 14, 'Eve': 8, 'Charlie': 8}
2025-09-18 16:49:16 | INFO | Chart updated successfully for message: {"message": "I just tried a story! It was funny.", "author": "Charlie"}

2025-09-18 16:49:16 | INFO | Consumer interrupted by user.
2025-09-18 16:49:19 | INFO | {'message': 'I just found a story! It was exciting.', 'author': 'Charlie'}
2025-09-18 16:49:20 | WARNING | Producer interrupted by user.
2025-09-18 16:49:20 | INFO | Producer shutting down.
2025-09-18 16:50:25 | INFO | Logging to file: logs/project_log.log
2025-09-18 16:50:25 | INFO | Log sanitization enabled, personal info removed
2025-09-18 16:50:25 | INFO | Project root: C:/Users/USER/NorthWest/STREAMING_DATA/buzzline-04-binware
2025-09-18 16:50:25 | INFO | Data folder: C:/Users/USER/NorthWest/STREAMING_DATA/buzzline-04-binware/data
2025-09-18 16:50:25 | INFO | Data file: C:/Users/USER/NorthWest/STREAMING_DATA/buzzline-04-binware/data/buzz.json
2025-09-18 16:50:25 | INFO | START producer.
2025-09-18 16:50:25 | INFO | Kafka broker address: localhost:9092
2025-09-18 16:50:25 | INFO | Kafka is ready. Brokers: {'throttle_time_ms': 0, 'brokers': [{'node_id': 1, 'host': 'localhost', 'port': 9092, 'rack': None}], 'cluster_id': 'Qcni_1o7Shy8ryAoTH97Bw', 'controller_id': 1}
2025-09-18 16:50:25 | INFO | Kafka topic: buzzline_json
2025-09-18 16:50:25 | INFO | Message interval: 3 seconds
2025-09-18 16:50:25 | INFO | Kafka broker address: localhost:9092
2025-09-18 16:50:25 | INFO | Connecting to Kafka broker at localhost:9092...
2025-09-18 16:50:25 | INFO | Kafka producer successfully created.
2025-09-18 16:50:25 | INFO | Kafka broker address: localhost:9092
2025-09-18 16:50:26 | INFO | Topic 'buzzline_json' already exists. Recreating fresh...
2025-09-18 16:50:26 | INFO | Requested deletion of topic 'buzzline_json'.
2025-09-18 16:50:26 | INFO | Topic 'buzzline_json' created successfully.
2025-09-18 16:50:26 | INFO | Kafka topic 'buzzline_json' is ready.
2025-09-18 16:50:26 | INFO | Starting message production to topic 'buzzline_json'...
2025-09-18 16:50:26 | INFO | Opening data file in read mode: C:/Users/USER/NorthWest/STREAMING_DATA/buzzline-04-binware/data/buzz.json
2025-09-18 16:50:26 | INFO | Reading data from file: C:/Users/USER/NorthWest/STREAMING_DATA/buzzline-04-binware/data/buzz.json
2025-09-18 16:50:26 | INFO | Sent message to topic 'buzzline_json': {'message': 'Data engineering is my passion.', 'author': 'Eve'}
2025-09-18 16:50:29 | INFO | Sent message to topic 'buzzline_json': {'message': 'Distributed systems are fascinating.', 'author': 'Alice'}
2025-09-18 16:50:32 | INFO | Sent message to topic 'buzzline_json': {'message': 'Have a great day!', 'author': 'Charlie'}
2025-09-18 16:50:35 | INFO | Sent message to topic 'buzzline_json': {'message': 'Data engineering is my passion.', 'author': 'Alice'}
2025-09-18 16:50:38 | INFO | Sent message to topic 'buzzline_json': {'message': 'Distributed systems are fascinating.', 'author': 'Diana'}
2025-09-18 16:50:38 | INFO | Logging to file: logs/project_log.log
2025-09-18 16:50:38 | INFO | Log sanitization enabled, personal info removed
2025-09-18 16:50:38 | INFO | START consumer.
2025-09-18 16:50:38 | INFO | Kafka topic: buzzline_json
2025-09-18 16:50:38 | INFO | Kafka consumer group id: buzz_group
2025-09-18 16:50:38 | INFO | Consumer: Topic 'buzzline_json' and group 'buzz_group'...
2025-09-18 16:50:38 | INFO | Kafka broker address: localhost:9092
2025-09-18 16:50:38 | INFO | Creating Kafka consumer. Topic='buzzline_json' and group ID='buzz_group'.
2025-09-18 16:50:38 | INFO | Kafka consumer created successfully.
2025-09-18 16:50:38 | INFO | Polling messages from topic 'buzzline_json'...
2025-09-18 16:50:41 | INFO | Sent message to topic 'buzzline_json': {'message': 'Buzz messages for everyone.', 'author': 'Alice'}
2025-09-18 16:50:42 | INFO | Processed JSON message: {'message': 'Data engineering is my passion.', 'author': 'Eve'}
2025-09-18 16:50:42 | INFO | Message received from author: Eve
2025-09-18 16:50:42 | INFO | Updated author counts: {'Eve': 1}
2025-09-18 16:50:42 | INFO | Chart updated successfully for message: {"message": "Data engineering is my passion.", "author": "Eve"}
2025-09-18 16:50:42 | INFO | Processed JSON message: {'message': 'Distributed systems are fascinating.', 'author': 'Alice'}
2025-09-18 16:50:42 | INFO | Message received from author: Alice
2025-09-18 16:50:42 | INFO | Updated author counts: {'Eve': 1, 'Alice': 1}
2025-09-18 16:50:42 | INFO | Chart updated successfully for message: {"message": "Distributed systems are fascinating.", "author": "Alice"}
2025-09-18 16:50:42 | INFO | Processed JSON message: {'message': 'Have a great day!', 'author': 'Charlie'}
2025-09-18 16:50:42 | INFO | Message received from author: Charlie
2025-09-18 16:50:42 | INFO | Updated author counts: {'Eve': 1, 'Alice': 1, 'Charlie': 1}
2025-09-18 16:50:42 | INFO | Chart updated successfully for message: {"message": "Have a great day!", "author": "Charlie"}
2025-09-18 16:50:42 | INFO | Processed JSON message: {'message': 'Data engineering is my passion.', 'author': 'Alice'}
2025-09-18 16:50:42 | INFO | Message received from author: Alice
2025-09-18 16:50:42 | INFO | Updated author counts: {'Eve': 1, 'Alice': 2, 'Charlie': 1}
2025-09-18 16:50:42 | INFO | Chart updated successfully for message: {"message": "Data engineering is my passion.", "author": "Alice"}
2025-09-18 16:50:42 | INFO | Processed JSON message: {'message': 'Distributed systems are fascinating.', 'author': 'Diana'}
2025-09-18 16:50:42 | INFO | Message received from author: Diana
2025-09-18 16:50:42 | INFO | Updated author counts: {'Eve': 1, 'Alice': 2, 'Charlie': 1, 'Diana': 1}
2025-09-18 16:50:42 | INFO | Chart updated successfully for message: {"message": "Distributed systems are fascinating.", "author": "Diana"}
2025-09-18 16:50:42 | INFO | Processed JSON message: {'message': 'Buzz messages for everyone.', 'author': 'Alice'}
2025-09-18 16:50:42 | INFO | Message received from author: Alice
2025-09-18 16:50:42 | INFO | Updated author counts: {'Eve': 1, 'Alice': 3, 'Charlie': 1, 'Diana': 1}
2025-09-18 16:50:42 | INFO | Chart updated successfully for message: {"message": "Buzz messages for everyone.", "author": "Alice"}
2025-09-18 16:50:44 | INFO | Sent message to topic 'buzzline_json': {'message': 'Hello, Kafka world!', 'author': 'Diana'}
2025-09-18 16:50:44 | INFO | Processed JSON message: {'message': 'Hello, Kafka world!', 'author': 'Diana'}
2025-09-18 16:50:44 | INFO | Message received from author: Diana
2025-09-18 16:50:44 | INFO | Updated author counts: {'Eve': 1, 'Alice': 3, 'Charlie': 1, 'Diana': 2}
2025-09-18 16:50:44 | INFO | Chart updated successfully for message: {"message": "Hello, Kafka world!", "author": "Diana"}
2025-09-18 16:50:47 | INFO | Sent message to topic 'buzzline_json': {'message': 'This is a buzz message.', 'author': 'Eve'}
2025-09-18 16:50:47 | INFO | Processed JSON message: {'message': 'This is a buzz message.', 'author': 'Eve'}
2025-09-18 16:50:47 | INFO | Message received from author: Eve
2025-09-18 16:50:47 | INFO | Updated author counts: {'Eve': 2, 'Alice': 3, 'Charlie': 1, 'Diana': 2}
2025-09-18 16:50:47 | INFO | Chart updated successfully for message: {"message": "This is a buzz message.", "author": "Eve"}
2025-09-18 16:50:50 | INFO | Sent message to topic 'buzzline_json': {'message': 'JSON makes life easier.', 'author': 'Eve'}
2025-09-18 16:50:50 | INFO | Processed JSON message: {'message': 'JSON makes life easier.', 'author': 'Eve'}
2025-09-18 16:50:50 | INFO | Message received from author: Eve
2025-09-18 16:50:50 | INFO | Updated author counts: {'Eve': 3, 'Alice': 3, 'Charlie': 1, 'Diana': 2}
2025-09-18 16:50:50 | INFO | Chart updated successfully for message: {"message": "JSON makes life easier.", "author": "Eve"}
2025-09-18 16:50:53 | INFO | Sent message to topic 'buzzline_json': {'message': 'JSON makes life easier.', 'author': 'Alice'}
2025-09-18 16:50:53 | INFO | Processed JSON message: {'message': 'JSON makes life easier.', 'author': 'Alice'}
2025-09-18 16:50:53 | INFO | Message received from author: Alice
2025-09-18 16:50:53 | INFO | Updated author counts: {'Eve': 3, 'Alice': 4, 'Charlie': 1, 'Diana': 2}
2025-09-18 16:50:53 | INFO | Chart updated successfully for message: {"message": "JSON makes life easier.", "author": "Alice"}
2025-09-18 16:50:56 | INFO | Sent message to topic 'buzzline_json': {'message': 'Data engineering is my passion.', 'author': 'Diana'}
2025-09-18 16:50:56 | INFO | Processed JSON message: {'message': 'Data engineering is my passion.', 'author': 'Diana'}
2025-09-18 16:50:56 | INFO | Message received from author: Diana
2025-09-18 16:50:56 | INFO | Updated author counts: {'Eve': 3, 'Alice': 4, 'Charlie': 1, 'Diana': 3}
2025-09-18 16:50:56 | INFO | Chart updated successfully for message: {"message": "Data engineering is my passion.", "author": "Diana"}
2025-09-18 16:50:59 | INFO | Sent message to topic 'buzzline_json': {'message': 'JSON makes life easier.', 'author': 'Diana'}
2025-09-18 16:50:59 | INFO | Processed JSON message: {'message': 'JSON makes life easier.', 'author': 'Diana'}
2025-09-18 16:50:59 | INFO | Message received from author: Diana
2025-09-18 16:50:59 | INFO | Updated author counts: {'Eve': 3, 'Alice': 4, 'Charlie': 1, 'Diana': 4}
2025-09-18 16:50:59 | INFO | Chart updated successfully for message: {"message": "JSON makes life easier.", "author": "Diana"}
2025-09-18 16:51:02 | INFO | Sent message to topic 'buzzline_json': {'message': 'Kafka is awesome.', 'author': 'Charlie'}
2025-09-18 16:51:02 | INFO | Processed JSON message: {'message': 'Kafka is awesome.', 'author': 'Charlie'}
2025-09-18 16:51:02 | INFO | Message received from author: Charlie
2025-09-18 16:51:02 | INFO | Updated author counts: {'Eve': 3, 'Alice': 4, 'Charlie': 2, 'Diana': 4}
2025-09-18 16:51:02 | INFO | Chart updated successfully for message: {"message": "Kafka is awesome.", "author": "Charlie"}
2025-09-18 16:51:05 | INFO | Sent message to topic 'buzzline_json': {'message': 'JSON makes life easier.', 'author': 'Bob'}
2025-09-18 16:51:05 | INFO | Processed JSON message: {'message': 'JSON makes life easier.', 'author': 'Bob'}
2025-09-18 16:51:05 | INFO | Message received from author: Bob
2025-09-18 16:51:05 | INFO | Updated author counts: {'Eve': 3, 'Alice': 4, 'Charlie': 2, 'Diana': 4, 'Bob': 1}
2025-09-18 16:51:05 | INFO | Chart updated successfully for message: {"message": "JSON makes life easier.", "author": "Bob"}
2025-09-18 16:51:08 | INFO | Sent message to topic 'buzzline_json': {'message': 'I love Python!', 'author': 'Bob'}
2025-09-18 16:51:08 | INFO | Processed JSON message: {'message': 'I love Python!', 'author': 'Bob'}
2025-09-18 16:51:08 | INFO | Message received from author: Bob
2025-09-18 16:51:08 | INFO | Updated author counts: {'Eve': 3, 'Alice': 4, 'Charlie': 2, 'Diana': 4, 'Bob': 2}
2025-09-18 16:51:08 | INFO | Chart updated successfully for message: {"message": "I love Python!", "author": "Bob"}
2025-09-18 16:51:11 | INFO | Sent message to topic 'buzzline_json': {'message': 'This is a buzz message.', 'author': 'Eve'}
2025-09-18 16:51:11 | INFO | Processed JSON message: {'message': 'This is a buzz message.', 'author': 'Eve'}
2025-09-18 16:51:11 | INFO | Message received from author: Eve
2025-09-18 16:51:11 | INFO | Updated author counts: {'Eve': 4, 'Alice': 4, 'Charlie': 2, 'Diana': 4, 'Bob': 2}
2025-09-18 16:51:11 | INFO | Chart updated successfully for message: {"message": "This is a buzz message.", "author": "Eve"}
2025-09-18 16:51:14 | INFO | Sent message to topic 'buzzline_json': {'message': 'I love Python!', 'author': 'Eve'}
2025-09-18 16:51:14 | INFO | Processed JSON message: {'message': 'I love Python!', 'author': 'Eve'}
2025-09-18 16:51:14 | INFO | Message received from author: Eve
2025-09-18 16:51:14 | INFO | Updated author counts: {'Eve': 5, 'Alice': 4, 'Charlie': 2, 'Diana': 4, 'Bob': 2}
2025-09-18 16:51:14 | INFO | Chart updated successfully for message: {"message": "I love Python!", "author": "Eve"}
2025-09-18 16:51:17 | INFO | Sent message to topic 'buzzline_json': {'message': 'Buzz messages for everyone.', 'author': 'Alice'}
2025-09-18 16:51:17 | INFO | Processed JSON message: {'message': 'Buzz messages for everyone.', 'author': 'Alice'}
2025-09-18 16:51:17 | INFO | Message received from author: Alice
2025-09-18 16:51:17 | INFO | Updated author counts: {'Eve': 5, 'Alice': 5, 'Charlie': 2, 'Diana': 4, 'Bob': 2}
2025-09-18 16:51:17 | INFO | Chart updated successfully for message: {"message": "Buzz messages for everyone.", "author": "Alice"}
2025-09-18 16:51:20 | INFO | Sent message to topic 'buzzline_json': {'message': 'This is a buzz message.', 'author': 'Alice'}
2025-09-18 16:51:20 | INFO | Processed JSON message: {'message': 'This is a buzz message.', 'author': 'Alice'}
2025-09-18 16:51:20 | INFO | Message received from author: Alice
2025-09-18 16:51:20 | INFO | Updated author counts: {'Eve': 5, 'Alice': 6, 'Charlie': 2, 'Diana': 4, 'Bob': 2}
2025-09-18 16:51:20 | INFO | Chart updated successfully for message: {"message": "This is a buzz message.", "author": "Alice"}
2025-09-18 16:51:23 | INFO | Sent message to topic 'buzzline_json': {'message': 'Data engineering is my passion.', 'author': 'Diana'}
2025-09-18 16:51:23 | INFO | Processed JSON message: {'message': 'Data engineering is my passion.', 'author': 'Diana'}
2025-09-18 16:51:23 | INFO | Message received from author: Diana
2025-09-18 16:51:23 | INFO | Updated author counts: {'Eve': 5, 'Alice': 6, 'Charlie': 2, 'Diana': 5, 'Bob': 2}
2025-09-18 16:51:23 | INFO | Chart updated successfully for message: {"message": "Data engineering is my passion.", "author": "Diana"}
2025-09-18 16:51:26 | INFO | Sent message to topic 'buzzline_json': {'message': 'I love Python!', 'author': 'Eve'}
2025-09-18 16:51:26 | INFO | Processed JSON message: {'message': 'I love Python!', 'author': 'Eve'}
2025-09-18 16:51:26 | INFO | Message received from author: Eve
2025-09-18 16:51:26 | INFO | Updated author counts: {'Eve': 6, 'Alice': 6, 'Charlie': 2, 'Diana': 5, 'Bob': 2}
2025-09-18 16:51:26 | INFO | Chart updated successfully for message: {"message": "I love Python!", "author": "Eve"}
2025-09-18 16:51:29 | INFO | Sent message to topic 'buzzline_json': {'message': 'JSON makes life easier.', 'author': 'Charlie'}
2025-09-18 16:51:29 | INFO | Processed JSON message: {'message': 'JSON makes life easier.', 'author': 'Charlie'}
2025-09-18 16:51:29 | INFO | Message received from author: Charlie
2025-09-18 16:51:29 | INFO | Updated author counts: {'Eve': 6, 'Alice': 6, 'Charlie': 3, 'Diana': 5, 'Bob': 2}
2025-09-18 16:51:29 | INFO | Chart updated successfully for message: {"message": "JSON makes life easier.", "author": "Charlie"}
2025-09-18 16:51:32 | INFO | Sent message to topic 'buzzline_json': {'message': 'Have a great day!', 'author': 'Bob'}
2025-09-18 16:51:32 | INFO | Processed JSON message: {'message': 'Have a great day!', 'author': 'Bob'}
2025-09-18 16:51:32 | INFO | Message received from author: Bob
2025-09-18 16:51:32 | INFO | Updated author counts: {'Eve': 6, 'Alice': 6, 'Charlie': 3, 'Diana': 5, 'Bob': 3}
2025-09-18 16:51:32 | INFO | Chart updated successfully for message: {"message": "Have a great day!", "author": "Bob"}
2025-09-18 16:51:35 | INFO | Sent message to topic 'buzzline_json': {'message': 'Data engineering is my passion.', 'author': 'Alice'}
2025-09-18 16:51:35 | INFO | Processed JSON message: {'message': 'Data engineering is my passion.', 'author': 'Alice'}
2025-09-18 16:51:35 | INFO | Message received from author: Alice
2025-09-18 16:51:35 | INFO | Updated author counts: {'Eve': 6, 'Alice': 7, 'Charlie': 3, 'Diana': 5, 'Bob': 3}
2025-09-18 16:51:35 | INFO | Chart updated successfully for message: {"message": "Data engineering is my passion.", "author": "Alice"}
2025-09-18 16:51:38 | INFO | Sent message to topic 'buzzline_json': {'message': 'Kafka is awesome.', 'author': 'Diana'}
2025-09-18 16:51:38 | INFO | Processed JSON message: {'message': 'Kafka is awesome.', 'author': 'Diana'}
2025-09-18 16:51:38 | INFO | Message received from author: Diana
2025-09-18 16:51:38 | INFO | Updated author counts: {'Eve': 6, 'Alice': 7, 'Charlie': 3, 'Diana': 6, 'Bob': 3}
2025-09-18 16:51:38 | INFO | Chart updated successfully for message: {"message": "Kafka is awesome.", "author": "Diana"}
2025-09-18 16:51:41 | INFO | Sent message to topic 'buzzline_json': {'message': 'Kafka is awesome.', 'author': 'Diana'}
2025-09-18 16:51:41 | INFO | Processed JSON message: {'message': 'Kafka is awesome.', 'author': 'Diana'}
2025-09-18 16:51:41 | INFO | Message received from author: Diana
2025-09-18 16:51:41 | INFO | Updated author counts: {'Eve': 6, 'Alice': 7, 'Charlie': 3, 'Diana': 7, 'Bob': 3}
2025-09-18 16:51:41 | INFO | Chart updated successfully for message: {"message": "Kafka is awesome.", "author": "Diana"}
2025-09-18 16:51:44 | INFO | Sent message to topic 'buzzline_json': {'message': 'Hello, Kafka world!', 'author': 'Bob'}
2025-09-18 16:51:44 | INFO | Processed JSON message: {'message': 'Hello, Kafka world!', 'author': 'Bob'}
2025-09-18 16:51:44 | INFO | Message received from author: Bob
2025-09-18 16:51:44 | INFO | Updated author counts: {'Eve': 6, 'Alice': 7, 'Charlie': 3, 'Diana': 7, 'Bob': 4}
2025-09-18 16:51:44 | INFO | Chart updated successfully for message: {"message": "Hello, Kafka world!", "author": "Bob"}
2025-09-18 16:51:47 | INFO | Sent message to topic 'buzzline_json': {'message': 'Distributed systems are fascinating.', 'author': 'Diana'}
2025-09-18 16:51:47 | INFO | Processed JSON message: {'message': 'Distributed systems are fascinating.', 'author': 'Diana'}
2025-09-18 16:51:47 | INFO | Message received from author: Diana
2025-09-18 16:51:47 | INFO | Updated author counts: {'Eve': 6, 'Alice': 7, 'Charlie': 3, 'Diana': 8, 'Bob': 4}
2025-09-18 16:51:47 | INFO | Chart updated successfully for message: {"message": "Distributed systems are fascinating.", "author": "Diana"}
2025-09-18 16:51:50 | INFO | Sent message to topic 'buzzline_json': {'message': 'I love Python!', 'author': 'Diana'}
2025-09-18 16:51:50 | INFO | Processed JSON message: {'message': 'I love Python!', 'author': 'Diana'}
2025-09-18 16:51:50 | INFO | Message received from author: Diana
2025-09-18 16:51:50 | INFO | Updated author counts: {'Eve': 6, 'Alice': 7, 'Charlie': 3, 'Diana': 9, 'Bob': 4}
2025-09-18 16:51:50 | INFO | Chart updated successfully for message: {"message": "I love Python!", "author": "Diana"}
2025-09-18 16:51:53 | INFO | Sent message to topic 'buzzline_json': {'message': 'Have a great day!', 'author': 'Alice'}
2025-09-18 16:51:53 | INFO | Message received from author: Alice
