2025-09-24 00:15:48 | INFO | Message 36: tech = 0.78
2025-09-24 00:15:49 | INFO | {'message': 'I just tried a meme! It was funny.', 'author': 'Charlie', 'timestamp': '2025-09-24 00:15:49', 'category': 'humor', 'sentiment': 0.06, 'keyword_mentioned': 'meme', 'message_length': 34}
2025-09-24 00:15:49 | INFO | Sent message to Kafka topic 'project_json': {'message': 'I just tried a meme! It was funny.', 'author': 'Charlie', 'timestamp': '2025-09-24 00:15:49', 'category': 'humor', 'sentiment': 0.06, 'keyword_mentioned': 'meme', 'message_length': 34}
2025-09-24 00:15:49 | INFO | Message 37: humor = 0.06
2025-09-24 00:15:51 | INFO | {'message': 'I just saw a movie! It was amazing.', 'author': 'Bob', 'timestamp': '2025-09-24 00:15:51', 'category': 'entertainment', 'sentiment': 0.07, 'keyword_mentioned': 'movie', 'message_length': 35}
2025-09-24 00:15:51 | INFO | Sent message to Kafka topic 'project_json': {'message': 'I just saw a movie! It was amazing.', 'author': 'Bob', 'timestamp': '2025-09-24 00:15:51', 'category': 'entertainment', 'sentiment': 0.07, 'keyword_mentioned': 'movie', 'message_length': 35}
2025-09-24 00:15:52 | INFO | Message 38: entertainment = 0.07
2025-09-24 00:15:53 | INFO | {'message': 'I just tried Python! It was funny.', 'author': 'Alice', 'timestamp': '2025-09-24 00:15:53', 'category': 'tech', 'sentiment': 0.35, 'keyword_mentioned': 'Python', 'message_length': 34}
2025-09-24 00:15:53 | INFO | Sent message to Kafka topic 'project_json': {'message': 'I just tried Python! It was funny.', 'author': 'Alice', 'timestamp': '2025-09-24 00:15:53', 'category': 'tech', 'sentiment': 0.35, 'keyword_mentioned': 'Python', 'message_length': 34}
2025-09-24 00:15:54 | INFO | Message 39: tech = 0.35
2025-09-24 00:15:55 | INFO | {'message': 'I just shared a trick! It was funny.', 'author': 'Eve', 'timestamp': '2025-09-24 00:15:55', 'category': 'other', 'sentiment': 0.39, 'keyword_mentioned': 'other', 'message_length': 36}
2025-09-24 00:15:55 | INFO | Sent message to Kafka topic 'project_json': {'message': 'I just shared a trick! It was funny.', 'author': 'Eve', 'timestamp': '2025-09-24 00:15:55', 'category': 'other', 'sentiment': 0.39, 'keyword_mentioned': 'other', 'message_length': 36}
2025-09-24 00:15:56 | INFO | Message 40: other = 0.39
2025-09-24 00:15:57 | INFO | {'message': 'I just tried a trick! It was amazing.', 'author': 'Eve', 'timestamp': '2025-09-24 00:15:57', 'category': 'other', 'sentiment': 0.54, 'keyword_mentioned': 'other', 'message_length': 37}
2025-09-24 00:15:57 | INFO | Sent message to Kafka topic 'project_json': {'message': 'I just tried a trick! It was amazing.', 'author': 'Eve', 'timestamp': '2025-09-24 00:15:57', 'category': 'other', 'sentiment': 0.54, 'keyword_mentioned': 'other', 'message_length': 37}
2025-09-24 00:15:58 | INFO | Message 41: other = 0.54
2025-09-24 00:15:59 | INFO | {'message': 'I just tried JavaScript! It was funny.', 'author': 'Eve', 'timestamp': '2025-09-24 00:15:59', 'category': 'tech', 'sentiment': 0.54, 'keyword_mentioned': 'JavaScript', 'message_length': 38}
2025-09-24 00:15:59 | INFO | Sent message to Kafka topic 'project_json': {'message': 'I just tried JavaScript! It was funny.', 'author': 'Eve', 'timestamp': '2025-09-24 00:15:59', 'category': 'tech', 'sentiment': 0.54, 'keyword_mentioned': 'JavaScript', 'message_length': 38}
2025-09-24 00:16:00 | INFO | Message 42: tech = 0.54
2025-09-24 00:16:01 | INFO | {'message': 'I just shared game! It was amazing.', 'author': 'Charlie', 'timestamp': '2025-09-24 00:16:01', 'category': 'gaming', 'sentiment': 0.43, 'keyword_mentioned': 'game', 'message_length': 35}
2025-09-24 00:16:01 | INFO | Sent message to Kafka topic 'project_json': {'message': 'I just shared game! It was amazing.', 'author': 'Charlie', 'timestamp': '2025-09-24 00:16:01', 'category': 'gaming', 'sentiment': 0.43, 'keyword_mentioned': 'game', 'message_length': 35}
2025-09-24 00:16:02 | INFO | Message 43: gaming = 0.43
2025-09-24 00:16:03 | INFO | {'message': 'I just found game! It was funny.', 'author': 'Bob', 'timestamp': '2025-09-24 00:16:03', 'category': 'gaming', 'sentiment': 0.44, 'keyword_mentioned': 'game', 'message_length': 32}
2025-09-24 00:16:03 | INFO | Sent message to Kafka topic 'project_json': {'message': 'I just found game! It was funny.', 'author': 'Bob', 'timestamp': '2025-09-24 00:16:03', 'category': 'gaming', 'sentiment': 0.44, 'keyword_mentioned': 'game', 'message_length': 32}
2025-09-24 00:16:03 | INFO | Message 44: gaming = 0.44
2025-09-24 00:16:05 | INFO | {'message': 'I just saw a trick! It was funny.', 'author': 'Bob', 'timestamp': '2025-09-24 00:16:05', 'category': 'other', 'sentiment': 0.92, 'keyword_mentioned': 'other', 'message_length': 33}
2025-09-24 00:16:05 | INFO | Sent message to Kafka topic 'project_json': {'message': 'I just saw a trick! It was funny.', 'author': 'Bob', 'timestamp': '2025-09-24 00:16:05', 'category': 'other', 'sentiment': 0.92, 'keyword_mentioned': 'other', 'message_length': 33}
2025-09-24 00:16:06 | INFO | Message 45: other = 0.92
2025-09-24 00:16:07 | INFO | {'message': 'I just saw a trick! It was amazing.', 'author': 'Alice', 'timestamp': '2025-09-24 00:16:07', 'category': 'other', 'sentiment': 0.35, 'keyword_mentioned': 'other', 'message_length': 35}
2025-09-24 00:16:07 | INFO | Sent message to Kafka topic 'project_json': {'message': 'I just saw a trick! It was amazing.', 'author': 'Alice', 'timestamp': '2025-09-24 00:16:07', 'category': 'other', 'sentiment': 0.35, 'keyword_mentioned': 'other', 'message_length': 35}
2025-09-24 00:16:08 | INFO | Message 46: other = 0.35
2025-09-24 00:16:09 | INFO | {'message': 'I just saw a story! It was funny.', 'author': 'Bob', 'timestamp': '2025-09-24 00:16:09', 'category': 'other', 'sentiment': 0.94, 'keyword_mentioned': 'other', 'message_length': 33}
2025-09-24 00:16:09 | INFO | Sent message to Kafka topic 'project_json': {'message': 'I just saw a story! It was funny.', 'author': 'Bob', 'timestamp': '2025-09-24 00:16:09', 'category': 'other', 'sentiment': 0.94, 'keyword_mentioned': 'other', 'message_length': 33}
2025-09-24 00:16:10 | INFO | Message 47: other = 0.94
2025-09-24 00:16:11 | INFO | {'message': 'I just found game! It was exciting.', 'author': 'Alice', 'timestamp': '2025-09-24 00:16:11', 'category': 'gaming', 'sentiment': 0.12, 'keyword_mentioned': 'game', 'message_length': 35}
2025-09-24 00:16:11 | INFO | Sent message to Kafka topic 'project_json': {'message': 'I just found game! It was exciting.', 'author': 'Alice', 'timestamp': '2025-09-24 00:16:11', 'category': 'gaming', 'sentiment': 0.12, 'keyword_mentioned': 'game', 'message_length': 35}
2025-09-24 00:16:12 | INFO | Message 48: gaming = 0.12
2025-09-24 00:16:13 | INFO | {'message': 'I just found Python! It was amazing.', 'author': 'Eve', 'timestamp': '2025-09-24 00:16:13', 'category': 'tech', 'sentiment': 0.57, 'keyword_mentioned': 'Python', 'message_length': 36}
2025-09-24 00:16:13 | INFO | Sent message to Kafka topic 'project_json': {'message': 'I just found Python! It was amazing.', 'author': 'Eve', 'timestamp': '2025-09-24 00:16:13', 'category': 'tech', 'sentiment': 0.57, 'keyword_mentioned': 'Python', 'message_length': 36}
2025-09-24 00:16:14 | INFO | Message 49: tech = 0.57
2025-09-24 00:16:15 | INFO | {'message': 'I just shared a meme! It was boring.', 'author': 'Alice', 'timestamp': '2025-09-24 00:16:15', 'category': 'humor', 'sentiment': 0.79, 'keyword_mentioned': 'meme', 'message_length': 36}
2025-09-24 00:16:15 | INFO | Sent message to Kafka topic 'project_json': {'message': 'I just shared a meme! It was boring.', 'author': 'Alice', 'timestamp': '2025-09-24 00:16:15', 'category': 'humor', 'sentiment': 0.79, 'keyword_mentioned': 'meme', 'message_length': 36}
2025-09-24 00:16:16 | INFO | Message 50: humor = 0.79
2025-09-24 00:16:17 | INFO | {'message': 'I just found a movie! It was weird.', 'author': 'Bob', 'timestamp': '2025-09-24 00:16:17', 'category': 'entertainment', 'sentiment': 0.23, 'keyword_mentioned': 'movie', 'message_length': 35}
2025-09-24 00:16:17 | INFO | Sent message to Kafka topic 'project_json': {'message': 'I just found a movie! It was weird.', 'author': 'Bob', 'timestamp': '2025-09-24 00:16:17', 'category': 'entertainment', 'sentiment': 0.23, 'keyword_mentioned': 'movie', 'message_length': 35}
2025-09-24 00:16:17 | INFO | Message 51: entertainment = 0.23
2025-09-24 00:16:19 | INFO | {'message': 'I just loved a movie! It was funny.', 'author': 'Alice', 'timestamp': '2025-09-24 00:16:19', 'category': 'entertainment', 'sentiment': 0.08, 'keyword_mentioned': 'movie', 'message_length': 35}
2025-09-24 00:16:19 | INFO | Sent message to Kafka topic 'project_json': {'message': 'I just loved a movie! It was funny.', 'author': 'Alice', 'timestamp': '2025-09-24 00:16:19', 'category': 'entertainment', 'sentiment': 0.08, 'keyword_mentioned': 'movie', 'message_length': 35}
2025-09-24 00:16:20 | INFO | Message 52: entertainment = 0.08
2025-09-24 00:16:21 | INFO | {'message': 'I just saw game! It was funny.', 'author': 'Alice', 'timestamp': '2025-09-24 00:16:21', 'category': 'gaming', 'sentiment': 0.61, 'keyword_mentioned': 'game', 'message_length': 30}
2025-09-24 00:16:21 | INFO | Sent message to Kafka topic 'project_json': {'message': 'I just saw game! It was funny.', 'author': 'Alice', 'timestamp': '2025-09-24 00:16:21', 'category': 'gaming', 'sentiment': 0.61, 'keyword_mentioned': 'game', 'message_length': 30}
2025-09-24 00:16:22 | INFO | Message 53: gaming = 0.61
2025-09-24 00:16:23 | INFO | {'message': 'I just shared game! It was funny.', 'author': 'Bob', 'timestamp': '2025-09-24 00:16:23', 'category': 'gaming', 'sentiment': 0.63, 'keyword_mentioned': 'game', 'message_length': 33}
2025-09-24 00:16:23 | INFO | Sent message to Kafka topic 'project_json': {'message': 'I just shared game! It was funny.', 'author': 'Bob', 'timestamp': '2025-09-24 00:16:23', 'category': 'gaming', 'sentiment': 0.63, 'keyword_mentioned': 'game', 'message_length': 33}
2025-09-24 00:16:24 | INFO | Message 54: gaming = 0.63
2025-09-24 00:16:25 | INFO | {'message': 'I just tried travel! It was boring.', 'author': 'Alice', 'timestamp': '2025-09-24 00:16:25', 'category': 'travel', 'sentiment': 0.5, 'keyword_mentioned': 'travel', 'message_length': 35}
2025-09-24 00:16:25 | INFO | Sent message to Kafka topic 'project_json': {'message': 'I just tried travel! It was boring.', 'author': 'Alice', 'timestamp': '2025-09-24 00:16:25', 'category': 'travel', 'sentiment': 0.5, 'keyword_mentioned': 'travel', 'message_length': 35}
2025-09-24 00:16:26 | INFO | Message 55: travel = 0.5
2025-09-24 00:16:27 | INFO | {'message': 'I just loved recipe! It was exciting.', 'author': 'Charlie', 'timestamp': '2025-09-24 00:16:27', 'category': 'food', 'sentiment': 0.44, 'keyword_mentioned': 'recipe', 'message_length': 37}
2025-09-24 00:16:27 | INFO | Sent message to Kafka topic 'project_json': {'message': 'I just loved recipe! It was exciting.', 'author': 'Charlie', 'timestamp': '2025-09-24 00:16:27', 'category': 'food', 'sentiment': 0.44, 'keyword_mentioned': 'recipe', 'message_length': 37}
2025-09-24 00:16:28 | INFO | Message 56: food = 0.44
2025-09-24 00:16:29 | INFO | {'message': 'I just tried a trick! It was funny.', 'author': 'Alice', 'timestamp': '2025-09-24 00:16:29', 'category': 'other', 'sentiment': 0.54, 'keyword_mentioned': 'other', 'message_length': 35}
2025-09-24 00:16:29 | INFO | Sent message to Kafka topic 'project_json': {'message': 'I just tried a trick! It was funny.', 'author': 'Alice', 'timestamp': '2025-09-24 00:16:29', 'category': 'other', 'sentiment': 0.54, 'keyword_mentioned': 'other', 'message_length': 35}
2025-09-24 00:16:30 | INFO | Message 57: other = 0.54
2025-09-24 00:16:31 | INFO | {'message': 'I just shared a movie! It was weird.', 'author': 'Alice', 'timestamp': '2025-09-24 00:16:31', 'category': 'entertainment', 'sentiment': 0.63, 'keyword_mentioned': 'movie', 'message_length': 36}
2025-09-24 00:16:31 | INFO | Sent message to Kafka topic 'project_json': {'message': 'I just shared a movie! It was weird.', 'author': 'Alice', 'timestamp': '2025-09-24 00:16:31', 'category': 'entertainment', 'sentiment': 0.63, 'keyword_mentioned': 'movie', 'message_length': 36}
2025-09-24 00:16:31 | INFO | Message 58: entertainment = 0.63
2025-09-24 00:16:33 | INFO | {'message': 'I just tried recipe! It was funny.', 'author': 'Charlie', 'timestamp': '2025-09-24 00:16:33', 'category': 'food', 'sentiment': 0.35, 'keyword_mentioned': 'recipe', 'message_length': 34}
2025-09-24 00:16:33 | INFO | Sent message to Kafka topic 'project_json': {'message': 'I just tried recipe! It was funny.', 'author': 'Charlie', 'timestamp': '2025-09-24 00:16:33', 'category': 'food', 'sentiment': 0.35, 'keyword_mentioned': 'recipe', 'message_length': 34}
2025-09-24 00:16:34 | INFO | Message 59: food = 0.35
2025-09-24 00:16:35 | INFO | {'message': 'I just tried a story! It was funny.', 'author': 'Charlie', 'timestamp': '2025-09-24 00:16:35', 'category': 'other', 'sentiment': 0.5, 'keyword_mentioned': 'other', 'message_length': 35}
2025-09-24 00:16:35 | INFO | Sent message to Kafka topic 'project_json': {'message': 'I just tried a story! It was funny.', 'author': 'Charlie', 'timestamp': '2025-09-24 00:16:35', 'category': 'other', 'sentiment': 0.5, 'keyword_mentioned': 'other', 'message_length': 35}
2025-09-24 00:16:36 | INFO | Message 60: other = 0.5
2025-09-24 00:16:37 | INFO | {'message': 'I just tried a meme! It was exciting.', 'author': 'Eve', 'timestamp': '2025-09-24 00:16:37', 'category': 'humor', 'sentiment': 0.1, 'keyword_mentioned': 'meme', 'message_length': 37}
2025-09-24 00:16:37 | INFO | Sent message to Kafka topic 'project_json': {'message': 'I just tried a meme! It was exciting.', 'author': 'Eve', 'timestamp': '2025-09-24 00:16:37', 'category': 'humor', 'sentiment': 0.1, 'keyword_mentioned': 'meme', 'message_length': 37}
2025-09-24 00:16:38 | INFO | Message 61: humor = 0.1
2025-09-24 00:16:39 | INFO | {'message': 'I just tried recipe! It was funny.', 'author': 'Charlie', 'timestamp': '2025-09-24 00:16:39', 'category': 'food', 'sentiment': 0.39, 'keyword_mentioned': 'recipe', 'message_length': 34}
2025-09-24 00:16:39 | INFO | Sent message to Kafka topic 'project_json': {'message': 'I just tried recipe! It was funny.', 'author': 'Charlie', 'timestamp': '2025-09-24 00:16:39', 'category': 'food', 'sentiment': 0.39, 'keyword_mentioned': 'recipe', 'message_length': 34}
2025-09-24 00:16:40 | INFO | Message 62: food = 0.39
2025-09-24 00:16:41 | INFO | {'message': 'I just saw travel! It was weird.', 'author': 'Eve', 'timestamp': '2025-09-24 00:16:41', 'category': 'travel', 'sentiment': 0.11, 'keyword_mentioned': 'travel', 'message_length': 32}
2025-09-24 00:16:41 | INFO | Sent message to Kafka topic 'project_json': {'message': 'I just saw travel! It was weird.', 'author': 'Eve', 'timestamp': '2025-09-24 00:16:41', 'category': 'travel', 'sentiment': 0.11, 'keyword_mentioned': 'travel', 'message_length': 32}
2025-09-24 00:16:42 | INFO | Message 63: travel = 0.11
2025-09-24 00:16:43 | INFO | {'message': 'I just shared Python! It was amazing.', 'author': 'Eve', 'timestamp': '2025-09-24 00:16:43', 'category': 'tech', 'sentiment': 0.2, 'keyword_mentioned': 'Python', 'message_length': 37}
2025-09-24 00:16:43 | INFO | Sent message to Kafka topic 'project_json': {'message': 'I just shared Python! It was amazing.', 'author': 'Eve', 'timestamp': '2025-09-24 00:16:43', 'category': 'tech', 'sentiment': 0.2, 'keyword_mentioned': 'Python', 'message_length': 37}
2025-09-24 00:16:44 | INFO | Message 64: tech = 0.2
2025-09-24 00:16:45 | INFO | {'message': 'I just tried game! It was amazing.', 'author': 'Eve', 'timestamp': '2025-09-24 00:16:45', 'category': 'gaming', 'sentiment': 0.15, 'keyword_mentioned': 'game', 'message_length': 34}
2025-09-24 00:16:45 | INFO | Sent message to Kafka topic 'project_json': {'message': 'I just tried game! It was amazing.', 'author': 'Eve', 'timestamp': '2025-09-24 00:16:45', 'category': 'gaming', 'sentiment': 0.15, 'keyword_mentioned': 'game', 'message_length': 34}
2025-09-24 00:16:45 | INFO | Message 65: gaming = 0.15
2025-09-24 00:16:47 | INFO | {'message': 'I just saw a story! It was weird.', 'author': 'Bob', 'timestamp': '2025-09-24 00:16:47', 'category': 'other', 'sentiment': 0.62, 'keyword_mentioned': 'other', 'message_length': 33}
2025-09-24 00:16:47 | INFO | Sent message to Kafka topic 'project_json': {'message': 'I just saw a story! It was weird.', 'author': 'Bob', 'timestamp': '2025-09-24 00:16:47', 'category': 'other', 'sentiment': 0.62, 'keyword_mentioned': 'other', 'message_length': 33}
2025-09-24 00:16:48 | INFO | Message 66: other = 0.62
2025-09-24 00:16:49 | INFO | {'message': 'I just shared Python! It was exciting.', 'author': 'Charlie', 'timestamp': '2025-09-24 00:16:49', 'category': 'tech', 'sentiment': 0.4, 'keyword_mentioned': 'Python', 'message_length': 38}
2025-09-24 00:16:49 | INFO | Sent message to Kafka topic 'project_json': {'message': 'I just shared Python! It was exciting.', 'author': 'Charlie', 'timestamp': '2025-09-24 00:16:49', 'category': 'tech', 'sentiment': 0.4, 'keyword_mentioned': 'Python', 'message_length': 38}
2025-09-24 00:16:50 | INFO | Message 67: tech = 0.4
2025-09-24 00:16:51 | INFO | {'message': 'I just tried recipe! It was weird.', 'author': 'Eve', 'timestamp': '2025-09-24 00:16:51', 'category': 'food', 'sentiment': 0.83, 'keyword_mentioned': 'recipe', 'message_length': 34}
2025-09-24 00:16:51 | INFO | Sent message to Kafka topic 'project_json': {'message': 'I just tried recipe! It was weird.', 'author': 'Eve', 'timestamp': '2025-09-24 00:16:51', 'category': 'food', 'sentiment': 0.83, 'keyword_mentioned': 'recipe', 'message_length': 34}
2025-09-24 00:16:52 | INFO | Message 68: food = 0.83
2025-09-24 00:16:53 | INFO | {'message': 'I just shared a trick! It was exciting.', 'author': 'Eve', 'timestamp': '2025-09-24 00:16:53', 'category': 'other', 'sentiment': 0.86, 'keyword_mentioned': 'other', 'message_length': 39}
2025-09-24 00:16:53 | INFO | Sent message to Kafka topic 'project_json': {'message': 'I just shared a trick! It was exciting.', 'author': 'Eve', 'timestamp': '2025-09-24 00:16:53', 'category': 'other', 'sentiment': 0.86, 'keyword_mentioned': 'other', 'message_length': 39}
2025-09-24 00:16:54 | INFO | Message 69: other = 0.86
2025-09-24 00:16:55 | INFO | {'message': 'I just shared a trick! It was boring.', 'author': 'Charlie', 'timestamp': '2025-09-24 00:16:55', 'category': 'other', 'sentiment': 0.87, 'keyword_mentioned': 'other', 'message_length': 37}
2025-09-24 00:16:55 | INFO | Sent message to Kafka topic 'project_json': {'message': 'I just shared a trick! It was boring.', 'author': 'Charlie', 'timestamp': '2025-09-24 00:16:55', 'category': 'other', 'sentiment': 0.87, 'keyword_mentioned': 'other', 'message_length': 37}
2025-09-24 00:16:56 | INFO | Message 70: other = 0.87
2025-09-24 00:16:58 | INFO | {'message': 'I just tried Python! It was funny.', 'author': 'Charlie', 'timestamp': '2025-09-24 00:16:58', 'category': 'tech', 'sentiment': 0.56, 'keyword_mentioned': 'Python', 'message_length': 34}
2025-09-24 00:16:58 | INFO | Sent message to Kafka topic 'project_json': {'message': 'I just tried Python! It was funny.', 'author': 'Charlie', 'timestamp': '2025-09-24 00:16:58', 'category': 'tech', 'sentiment': 0.56, 'keyword_mentioned': 'Python', 'message_length': 34}
2025-09-24 00:16:58 | INFO | Message 71: tech = 0.56
2025-09-24 00:17:00 | INFO | {'message': 'I just loved game! It was exciting.', 'author': 'Charlie', 'timestamp': '2025-09-24 00:17:00', 'category': 'gaming', 'sentiment': 0.99, 'keyword_mentioned': 'game', 'message_length': 35}
2025-09-24 00:17:00 | INFO | Sent message to Kafka topic 'project_json': {'message': 'I just loved game! It was exciting.', 'author': 'Charlie', 'timestamp': '2025-09-24 00:17:00', 'category': 'gaming', 'sentiment': 0.99, 'keyword_mentioned': 'game', 'message_length': 35}
2025-09-24 00:17:00 | INFO | Message 72: gaming = 0.99
2025-09-24 00:17:02 | INFO | {'message': 'I just saw a meme! It was amazing.', 'author': 'Charlie', 'timestamp': '2025-09-24 00:17:02', 'category': 'humor', 'sentiment': 0.69, 'keyword_mentioned': 'meme', 'message_length': 34}
2025-09-24 00:17:02 | INFO | Sent message to Kafka topic 'project_json': {'message': 'I just saw a meme! It was amazing.', 'author': 'Charlie', 'timestamp': '2025-09-24 00:17:02', 'category': 'humor', 'sentiment': 0.69, 'keyword_mentioned': 'meme', 'message_length': 34}
2025-09-24 00:17:02 | INFO | Message 73: humor = 0.69
2025-09-24 00:17:04 | INFO | {'message': 'I just found JavaScript! It was boring.', 'author': 'Charlie', 'timestamp': '2025-09-24 00:17:04', 'category': 'tech', 'sentiment': 0.48, 'keyword_mentioned': 'JavaScript', 'message_length': 39}
2025-09-24 00:17:04 | INFO | Sent message to Kafka topic 'project_json': {'message': 'I just found JavaScript! It was boring.', 'author': 'Charlie', 'timestamp': '2025-09-24 00:17:04', 'category': 'tech', 'sentiment': 0.48, 'keyword_mentioned': 'JavaScript', 'message_length': 39}
2025-09-24 00:17:04 | INFO | Message 74: tech = 0.48
2025-09-24 00:17:06 | INFO | {'message': 'I just loved Python! It was boring.', 'author': 'Bob', 'timestamp': '2025-09-24 00:17:06', 'category': 'tech', 'sentiment': 0.12, 'keyword_mentioned': 'Python', 'message_length': 35}
2025-09-24 00:17:06 | INFO | Sent message to Kafka topic 'project_json': {'message': 'I just loved Python! It was boring.', 'author': 'Bob', 'timestamp': '2025-09-24 00:17:06', 'category': 'tech', 'sentiment': 0.12, 'keyword_mentioned': 'Python', 'message_length': 35}
2025-09-24 00:17:06 | INFO | Message 75: tech = 0.12
2025-09-24 00:17:08 | INFO | {'message': 'I just tried game! It was weird.', 'author': 'Charlie', 'timestamp': '2025-09-24 00:17:08', 'category': 'gaming', 'sentiment': 0.73, 'keyword_mentioned': 'game', 'message_length': 32}
2025-09-24 00:17:08 | INFO | Sent message to Kafka topic 'project_json': {'message': 'I just tried game! It was weird.', 'author': 'Charlie', 'timestamp': '2025-09-24 00:17:08', 'category': 'gaming', 'sentiment': 0.73, 'keyword_mentioned': 'game', 'message_length': 32}
2025-09-24 00:17:08 | INFO | Message 76: gaming = 0.73
2025-09-24 00:17:10 | INFO | {'message': 'I just shared recipe! It was weird.', 'author': 'Charlie', 'timestamp': '2025-09-24 00:17:10', 'category': 'food', 'sentiment': 0.16, 'keyword_mentioned': 'recipe', 'message_length': 35}
2025-09-24 00:17:10 | INFO | Sent message to Kafka topic 'project_json': {'message': 'I just shared recipe! It was weird.', 'author': 'Charlie', 'timestamp': '2025-09-24 00:17:10', 'category': 'food', 'sentiment': 0.16, 'keyword_mentioned': 'recipe', 'message_length': 35}
2025-09-24 00:17:10 | INFO | Message 77: food = 0.16
2025-09-24 00:17:12 | INFO | {'message': 'I just shared game! It was exciting.', 'author': 'Eve', 'timestamp': '2025-09-24 00:17:12', 'category': 'gaming', 'sentiment': 0.92, 'keyword_mentioned': 'game', 'message_length': 36}
2025-09-24 00:17:12 | INFO | Sent message to Kafka topic 'project_json': {'message': 'I just shared game! It was exciting.', 'author': 'Eve', 'timestamp': '2025-09-24 00:17:12', 'category': 'gaming', 'sentiment': 0.92, 'keyword_mentioned': 'game', 'message_length': 36}
2025-09-24 00:17:12 | INFO | Message 78: gaming = 0.92
2025-09-24 00:17:14 | INFO | {'message': 'I just saw game! It was weird.', 'author': 'Alice', 'timestamp': '2025-09-24 00:17:14', 'category': 'gaming', 'sentiment': 0.66, 'keyword_mentioned': 'game', 'message_length': 30}
2025-09-24 00:17:14 | INFO | Sent message to Kafka topic 'project_json': {'message': 'I just saw game! It was weird.', 'author': 'Alice', 'timestamp': '2025-09-24 00:17:14', 'category': 'gaming', 'sentiment': 0.66, 'keyword_mentioned': 'game', 'message_length': 30}
2025-09-24 00:17:14 | INFO | Message 79: gaming = 0.66
2025-09-24 00:17:16 | INFO | {'message': 'I just shared an app! It was boring.', 'author': 'Alice', 'timestamp': '2025-09-24 00:17:16', 'category': 'other', 'sentiment': 0.69, 'keyword_mentioned': 'other', 'message_length': 36}
2025-09-24 00:17:16 | INFO | Sent message to Kafka topic 'project_json': {'message': 'I just shared an app! It was boring.', 'author': 'Alice', 'timestamp': '2025-09-24 00:17:16', 'category': 'other', 'sentiment': 0.69, 'keyword_mentioned': 'other', 'message_length': 36}
2025-09-24 00:17:16 | INFO | Message 80: other = 0.69
2025-09-24 00:17:18 | INFO | {'message': 'I just shared Python! It was weird.', 'author': 'Bob', 'timestamp': '2025-09-24 00:17:18', 'category': 'tech', 'sentiment': 0.99, 'keyword_mentioned': 'Python', 'message_length': 35}
2025-09-24 00:17:18 | INFO | Sent message to Kafka topic 'project_json': {'message': 'I just shared Python! It was weird.', 'author': 'Bob', 'timestamp': '2025-09-24 00:17:18', 'category': 'tech', 'sentiment': 0.99, 'keyword_mentioned': 'Python', 'message_length': 35}
2025-09-24 00:17:18 | INFO | Message 81: tech = 0.99
2025-09-24 00:17:20 | INFO | {'message': 'I just loved a meme! It was weird.', 'author': 'Charlie', 'timestamp': '2025-09-24 00:17:20', 'category': 'humor', 'sentiment': 0.86, 'keyword_mentioned': 'meme', 'message_length': 34}
2025-09-24 00:17:20 | INFO | Sent message to Kafka topic 'project_json': {'message': 'I just loved a meme! It was weird.', 'author': 'Charlie', 'timestamp': '2025-09-24 00:17:20', 'category': 'humor', 'sentiment': 0.86, 'keyword_mentioned': 'meme', 'message_length': 34}
2025-09-24 00:17:20 | INFO | Message 82: humor = 0.86
2025-09-24 00:17:22 | INFO | {'message': 'I just saw a story! It was weird.', 'author': 'Bob', 'timestamp': '2025-09-24 00:17:22', 'category': 'other', 'sentiment': 0.47, 'keyword_mentioned': 'other', 'message_length': 33}
2025-09-24 00:17:22 | INFO | Sent message to Kafka topic 'project_json': {'message': 'I just saw a story! It was weird.', 'author': 'Bob', 'timestamp': '2025-09-24 00:17:22', 'category': 'other', 'sentiment': 0.47, 'keyword_mentioned': 'other', 'message_length': 33}
2025-09-24 00:17:22 | INFO | Message 83: other = 0.47
2025-09-24 00:17:24 | INFO | {'message': 'I just tried game! It was funny.', 'author': 'Bob', 'timestamp': '2025-09-24 00:17:24', 'category': 'gaming', 'sentiment': 0.27, 'keyword_mentioned': 'game', 'message_length': 32}
2025-09-24 00:17:24 | INFO | Sent message to Kafka topic 'project_json': {'message': 'I just tried game! It was funny.', 'author': 'Bob', 'timestamp': '2025-09-24 00:17:24', 'category': 'gaming', 'sentiment': 0.27, 'keyword_mentioned': 'game', 'message_length': 32}
2025-09-24 00:17:24 | INFO | Message 84: gaming = 0.27
2025-09-24 00:17:26 | INFO | {'message': 'I just loved travel! It was boring.', 'author': 'Bob', 'timestamp': '2025-09-24 00:17:26', 'category': 'travel', 'sentiment': 0.53, 'keyword_mentioned': 'travel', 'message_length': 35}
2025-09-24 00:17:26 | INFO | Sent message to Kafka topic 'project_json': {'message': 'I just loved travel! It was boring.', 'author': 'Bob', 'timestamp': '2025-09-24 00:17:26', 'category': 'travel', 'sentiment': 0.53, 'keyword_mentioned': 'travel', 'message_length': 35}
2025-09-24 00:17:26 | INFO | Message 85: travel = 0.53
2025-09-24 00:17:28 | INFO | {'message': 'I just tried a movie! It was amazing.', 'author': 'Eve', 'timestamp': '2025-09-24 00:17:28', 'category': 'entertainment', 'sentiment': 0.44, 'keyword_mentioned': 'movie', 'message_length': 37}
2025-09-24 00:17:28 | INFO | Sent message to Kafka topic 'project_json': {'message': 'I just tried a movie! It was amazing.', 'author': 'Eve', 'timestamp': '2025-09-24 00:17:28', 'category': 'entertainment', 'sentiment': 0.44, 'keyword_mentioned': 'movie', 'message_length': 37}
2025-09-24 00:17:29 | INFO | Message 86: entertainment = 0.44
2025-09-24 00:17:30 | INFO | {'message': 'I just loved a story! It was funny.', 'author': 'Eve', 'timestamp': '2025-09-24 00:17:30', 'category': 'other', 'sentiment': 0.33, 'keyword_mentioned': 'other', 'message_length': 35}
2025-09-24 00:17:30 | INFO | Sent message to Kafka topic 'project_json': {'message': 'I just loved a story! It was funny.', 'author': 'Eve', 'timestamp': '2025-09-24 00:17:30', 'category': 'other', 'sentiment': 0.33, 'keyword_mentioned': 'other', 'message_length': 35}
2025-09-24 00:17:30 | INFO | Message 87: other = 0.33
2025-09-24 00:17:32 | INFO | {'message': 'I just tried Python! It was exciting.', 'author': 'Eve', 'timestamp': '2025-09-24 00:17:32', 'category': 'tech', 'sentiment': 0.68, 'keyword_mentioned': 'Python', 'message_length': 37}
2025-09-24 00:17:32 | INFO | Sent message to Kafka topic 'project_json': {'message': 'I just tried Python! It was exciting.', 'author': 'Eve', 'timestamp': '2025-09-24 00:17:32', 'category': 'tech', 'sentiment': 0.68, 'keyword_mentioned': 'Python', 'message_length': 37}
2025-09-24 00:17:32 | INFO | Message 88: tech = 0.68
2025-09-24 00:17:34 | INFO | {'message': 'I just loved a meme! It was boring.', 'author': 'Charlie', 'timestamp': '2025-09-24 00:17:34', 'category': 'humor', 'sentiment': 0.26, 'keyword_mentioned': 'meme', 'message_length': 35}
2025-09-24 00:17:34 | INFO | Sent message to Kafka topic 'project_json': {'message': 'I just loved a meme! It was boring.', 'author': 'Charlie', 'timestamp': '2025-09-24 00:17:34', 'category': 'humor', 'sentiment': 0.26, 'keyword_mentioned': 'meme', 'message_length': 35}
2025-09-24 00:17:34 | INFO | Message 89: humor = 0.26
2025-09-24 00:17:36 | INFO | {'message': 'I just shared JavaScript! It was exciting.', 'author': 'Eve', 'timestamp': '2025-09-24 00:17:36', 'category': 'tech', 'sentiment': 0.63, 'keyword_mentioned': 'JavaScript', 'message_length': 42}
2025-09-24 00:17:36 | INFO | Sent message to Kafka topic 'project_json': {'message': 'I just shared JavaScript! It was exciting.', 'author': 'Eve', 'timestamp': '2025-09-24 00:17:36', 'category': 'tech', 'sentiment': 0.63, 'keyword_mentioned': 'JavaScript', 'message_length': 42}
2025-09-24 00:17:36 | INFO | Message 90: tech = 0.63
2025-09-24 00:17:38 | INFO | {'message': 'I just shared recipe! It was boring.', 'author': 'Bob', 'timestamp': '2025-09-24 00:17:38', 'category': 'food', 'sentiment': 0.15, 'keyword_mentioned': 'recipe', 'message_length': 36}
2025-09-24 00:17:38 | INFO | Sent message to Kafka topic 'project_json': {'message': 'I just shared recipe! It was boring.', 'author': 'Bob', 'timestamp': '2025-09-24 00:17:38', 'category': 'food', 'sentiment': 0.15, 'keyword_mentioned': 'recipe', 'message_length': 36}
2025-09-24 00:17:38 | INFO | Message 91: food = 0.15
2025-09-24 00:17:40 | INFO | {'message': 'I just found travel! It was boring.', 'author': 'Eve', 'timestamp': '2025-09-24 00:17:40', 'category': 'travel', 'sentiment': 0.97, 'keyword_mentioned': 'travel', 'message_length': 35}
2025-09-24 00:17:40 | INFO | Sent message to Kafka topic 'project_json': {'message': 'I just found travel! It was boring.', 'author': 'Eve', 'timestamp': '2025-09-24 00:17:40', 'category': 'travel', 'sentiment': 0.97, 'keyword_mentioned': 'travel', 'message_length': 35}
2025-09-24 00:17:40 | INFO | Message 92: travel = 0.97
2025-09-24 00:17:42 | INFO | {'message': 'I just shared travel! It was exciting.', 'author': 'Bob', 'timestamp': '2025-09-24 00:17:42', 'category': 'travel', 'sentiment': 0.53, 'keyword_mentioned': 'travel', 'message_length': 38}
2025-09-24 00:17:42 | INFO | Sent message to Kafka topic 'project_json': {'message': 'I just shared travel! It was exciting.', 'author': 'Bob', 'timestamp': '2025-09-24 00:17:42', 'category': 'travel', 'sentiment': 0.53, 'keyword_mentioned': 'travel', 'message_length': 38}
2025-09-24 00:17:43 | INFO | Message 93: travel = 0.53
2025-09-24 00:17:44 | INFO | {'message': 'I just shared recipe! It was amazing.', 'author': 'Alice', 'timestamp': '2025-09-24 00:17:44', 'category': 'food', 'sentiment': 0.44, 'keyword_mentioned': 'recipe', 'message_length': 37}
2025-09-24 00:17:44 | INFO | Sent message to Kafka topic 'project_json': {'message': 'I just shared recipe! It was amazing.', 'author': 'Alice', 'timestamp': '2025-09-24 00:17:44', 'category': 'food', 'sentiment': 0.44, 'keyword_mentioned': 'recipe', 'message_length': 37}
2025-09-24 00:17:44 | INFO | Message 94: food = 0.44
2025-09-24 00:17:46 | INFO | {'message': 'I just loved a story! It was boring.', 'author': 'Alice', 'timestamp': '2025-09-24 00:17:46', 'category': 'other', 'sentiment': 0.14, 'keyword_mentioned': 'other', 'message_length': 36}
2025-09-24 00:17:46 | INFO | Sent message to Kafka topic 'project_json': {'message': 'I just loved a story! It was boring.', 'author': 'Alice', 'timestamp': '2025-09-24 00:17:46', 'category': 'other', 'sentiment': 0.14, 'keyword_mentioned': 'other', 'message_length': 36}
2025-09-24 00:17:46 | INFO | Message 95: other = 0.14
2025-09-24 00:17:48 | INFO | {'message': 'I just found a movie! It was weird.', 'author': 'Charlie', 'timestamp': '2025-09-24 00:17:48', 'category': 'entertainment', 'sentiment': 0.32, 'keyword_mentioned': 'movie', 'message_length': 35}
2025-09-24 00:17:48 | INFO | Sent message to Kafka topic 'project_json': {'message': 'I just found a movie! It was weird.', 'author': 'Charlie', 'timestamp': '2025-09-24 00:17:48', 'category': 'entertainment', 'sentiment': 0.32, 'keyword_mentioned': 'movie', 'message_length': 35}
2025-09-24 00:17:48 | INFO | Message 96: entertainment = 0.32
2025-09-24 00:17:50 | INFO | {'message': 'I just saw Python! It was boring.', 'author': 'Bob', 'timestamp': '2025-09-24 00:17:50', 'category': 'tech', 'sentiment': 0.61, 'keyword_mentioned': 'Python', 'message_length': 33}
2025-09-24 00:17:50 | INFO | Sent message to Kafka topic 'project_json': {'message': 'I just saw Python! It was boring.', 'author': 'Bob', 'timestamp': '2025-09-24 00:17:50', 'category': 'tech', 'sentiment': 0.61, 'keyword_mentioned': 'Python', 'message_length': 33}
2025-09-24 00:17:50 | INFO | Message 97: tech = 0.61
2025-09-24 00:17:52 | INFO | {'message': 'I just loved recipe! It was exciting.', 'author': 'Eve', 'timestamp': '2025-09-24 00:17:52', 'category': 'food', 'sentiment': 0.27, 'keyword_mentioned': 'recipe', 'message_length': 37}
2025-09-24 00:17:52 | INFO | Sent message to Kafka topic 'project_json': {'message': 'I just loved recipe! It was exciting.', 'author': 'Eve', 'timestamp': '2025-09-24 00:17:52', 'category': 'food', 'sentiment': 0.27, 'keyword_mentioned': 'recipe', 'message_length': 37}
2025-09-24 00:17:52 | INFO | Message 98: food = 0.27
2025-09-24 00:17:54 | INFO | {'message': 'I just found Python! It was weird.', 'author': 'Bob', 'timestamp': '2025-09-24 00:17:54', 'category': 'tech', 'sentiment': 0.12, 'keyword_mentioned': 'Python', 'message_length': 34}
2025-09-24 00:17:54 | INFO | Sent message to Kafka topic 'project_json': {'message': 'I just found Python! It was weird.', 'author': 'Bob', 'timestamp': '2025-09-24 00:17:54', 'category': 'tech', 'sentiment': 0.12, 'keyword_mentioned': 'Python', 'message_length': 34}
2025-09-24 00:17:54 | INFO | Message 99: tech = 0.12
2025-09-24 00:17:56 | INFO | {'message': 'I just shared JavaScript! It was weird.', 'author': 'Alice', 'timestamp': '2025-09-24 00:17:56', 'category': 'tech', 'sentiment': 0.47, 'keyword_mentioned': 'JavaScript', 'message_length': 39}
2025-09-24 00:17:56 | INFO | Sent message to Kafka topic 'project_json': {'message': 'I just shared JavaScript! It was weird.', 'author': 'Alice', 'timestamp': '2025-09-24 00:17:56', 'category': 'tech', 'sentiment': 0.47, 'keyword_mentioned': 'JavaScript', 'message_length': 39}
2025-09-24 00:17:57 | INFO | Message 100: tech = 0.47
2025-09-24 00:17:58 | INFO | {'message': 'I just loved JavaScript! It was exciting.', 'author': 'Bob', 'timestamp': '2025-09-24 00:17:58', 'category': 'tech', 'sentiment': 0.84, 'keyword_mentioned': 'JavaScript', 'message_length': 41}
2025-09-24 00:17:58 | INFO | Sent message to Kafka topic 'project_json': {'message': 'I just loved JavaScript! It was exciting.', 'author': 'Bob', 'timestamp': '2025-09-24 00:17:58', 'category': 'tech', 'sentiment': 0.84, 'keyword_mentioned': 'JavaScript', 'message_length': 41}
2025-09-24 00:17:58 | INFO | Message 101: tech = 0.84
2025-09-24 00:18:00 | INFO | {'message': 'I just found JavaScript! It was funny.', 'author': 'Alice', 'timestamp': '2025-09-24 00:18:00', 'category': 'tech', 'sentiment': 0.78, 'keyword_mentioned': 'JavaScript', 'message_length': 38}
2025-09-24 00:18:00 | INFO | Sent message to Kafka topic 'project_json': {'message': 'I just found JavaScript! It was funny.', 'author': 'Alice', 'timestamp': '2025-09-24 00:18:00', 'category': 'tech', 'sentiment': 0.78, 'keyword_mentioned': 'JavaScript', 'message_length': 38}
2025-09-24 00:18:00 | INFO | Message 102: tech = 0.78
2025-09-24 00:18:02 | INFO | {'message': 'I just tried game! It was funny.', 'author': 'Charlie', 'timestamp': '2025-09-24 00:18:02', 'category': 'gaming', 'sentiment': 0.53, 'keyword_mentioned': 'game', 'message_length': 32}
2025-09-24 00:18:02 | INFO | Sent message to Kafka topic 'project_json': {'message': 'I just tried game! It was funny.', 'author': 'Charlie', 'timestamp': '2025-09-24 00:18:02', 'category': 'gaming', 'sentiment': 0.53, 'keyword_mentioned': 'game', 'message_length': 32}
2025-09-24 00:18:02 | INFO | Message 103: gaming = 0.53
2025-09-24 00:18:04 | INFO | {'message': 'I just shared an app! It was weird.', 'author': 'Eve', 'timestamp': '2025-09-24 00:18:04', 'category': 'other', 'sentiment': 0.1, 'keyword_mentioned': 'other', 'message_length': 35}
2025-09-24 00:18:04 | INFO | Sent message to Kafka topic 'project_json': {'message': 'I just shared an app! It was weird.', 'author': 'Eve', 'timestamp': '2025-09-24 00:18:04', 'category': 'other', 'sentiment': 0.1, 'keyword_mentioned': 'other', 'message_length': 35}
2025-09-24 00:18:04 | INFO | Message 104: other = 0.1
2025-09-24 00:18:06 | INFO | {'message': 'I just tried recipe! It was weird.', 'author': 'Bob', 'timestamp': '2025-09-24 00:18:06', 'category': 'food', 'sentiment': 0.72, 'keyword_mentioned': 'recipe', 'message_length': 34}
2025-09-24 00:18:06 | INFO | Sent message to Kafka topic 'project_json': {'message': 'I just tried recipe! It was weird.', 'author': 'Bob', 'timestamp': '2025-09-24 00:18:06', 'category': 'food', 'sentiment': 0.72, 'keyword_mentioned': 'recipe', 'message_length': 34}
2025-09-24 00:18:06 | INFO | Message 105: food = 0.72
2025-09-24 00:18:08 | INFO | {'message': 'I just found a movie! It was weird.', 'author': 'Eve', 'timestamp': '2025-09-24 00:18:08', 'category': 'entertainment', 'sentiment': 0.04, 'keyword_mentioned': 'movie', 'message_length': 35}
2025-09-24 00:18:08 | INFO | Sent message to Kafka topic 'project_json': {'message': 'I just found a movie! It was weird.', 'author': 'Eve', 'timestamp': '2025-09-24 00:18:08', 'category': 'entertainment', 'sentiment': 0.04, 'keyword_mentioned': 'movie', 'message_length': 35}
2025-09-24 00:18:08 | INFO | Message 106: entertainment = 0.04
2025-09-24 00:18:10 | INFO | {'message': 'I just loved a story! It was exciting.', 'author': 'Charlie', 'timestamp': '2025-09-24 00:18:10', 'category': 'other', 'sentiment': 0.29, 'keyword_mentioned': 'other', 'message_length': 38}
2025-09-24 00:18:10 | INFO | Sent message to Kafka topic 'project_json': {'message': 'I just loved a story! It was exciting.', 'author': 'Charlie', 'timestamp': '2025-09-24 00:18:10', 'category': 'other', 'sentiment': 0.29, 'keyword_mentioned': 'other', 'message_length': 38}
2025-09-24 00:18:11 | INFO | Message 107: other = 0.29
2025-09-24 00:18:12 | INFO | {'message': 'I just found Python! It was exciting.', 'author': 'Bob', 'timestamp': '2025-09-24 00:18:12', 'category': 'tech', 'sentiment': 0.88, 'keyword_mentioned': 'Python', 'message_length': 37}
2025-09-24 00:18:12 | INFO | Sent message to Kafka topic 'project_json': {'message': 'I just found Python! It was exciting.', 'author': 'Bob', 'timestamp': '2025-09-24 00:18:12', 'category': 'tech', 'sentiment': 0.88, 'keyword_mentioned': 'Python', 'message_length': 37}
2025-09-24 00:18:12 | INFO | Message 108: tech = 0.88
2025-09-24 00:18:14 | INFO | {'message': 'I just found Python! It was boring.', 'author': 'Eve', 'timestamp': '2025-09-24 00:18:14', 'category': 'tech', 'sentiment': 0.37, 'keyword_mentioned': 'Python', 'message_length': 35}
2025-09-24 00:18:14 | INFO | Sent message to Kafka topic 'project_json': {'message': 'I just found Python! It was boring.', 'author': 'Eve', 'timestamp': '2025-09-24 00:18:14', 'category': 'tech', 'sentiment': 0.37, 'keyword_mentioned': 'Python', 'message_length': 35}
2025-09-24 00:18:14 | INFO | Message 109: tech = 0.37
2025-09-24 00:18:16 | INFO | {'message': 'I just tried a story! It was amazing.', 'author': 'Eve', 'timestamp': '2025-09-24 00:18:16', 'category': 'other', 'sentiment': 0.21, 'keyword_mentioned': 'other', 'message_length': 37}
2025-09-24 00:18:16 | INFO | Sent message to Kafka topic 'project_json': {'message': 'I just tried a story! It was amazing.', 'author': 'Eve', 'timestamp': '2025-09-24 00:18:16', 'category': 'other', 'sentiment': 0.21, 'keyword_mentioned': 'other', 'message_length': 37}
2025-09-24 00:18:16 | INFO | Message 110: other = 0.21
2025-09-24 00:18:18 | INFO | {'message': 'I just found recipe! It was weird.', 'author': 'Charlie', 'timestamp': '2025-09-24 00:18:18', 'category': 'food', 'sentiment': 0.95, 'keyword_mentioned': 'recipe', 'message_length': 34}
2025-09-24 00:18:18 | INFO | Sent message to Kafka topic 'project_json': {'message': 'I just found recipe! It was weird.', 'author': 'Charlie', 'timestamp': '2025-09-24 00:18:18', 'category': 'food', 'sentiment': 0.95, 'keyword_mentioned': 'recipe', 'message_length': 34}
2025-09-24 00:18:18 | INFO | Message 111: food = 0.95
2025-09-24 00:18:20 | INFO | {'message': 'I just shared an app! It was exciting.', 'author': 'Alice', 'timestamp': '2025-09-24 00:18:20', 'category': 'other', 'sentiment': 0.05, 'keyword_mentioned': 'other', 'message_length': 38}
2025-09-24 00:18:20 | INFO | Sent message to Kafka topic 'project_json': {'message': 'I just shared an app! It was exciting.', 'author': 'Alice', 'timestamp': '2025-09-24 00:18:20', 'category': 'other', 'sentiment': 0.05, 'keyword_mentioned': 'other', 'message_length': 38}
2025-09-24 00:18:20 | INFO | Message 112: other = 0.05
2025-09-24 00:18:22 | INFO | {'message': 'I just shared a movie! It was boring.', 'author': 'Eve', 'timestamp': '2025-09-24 00:18:22', 'category': 'entertainment', 'sentiment': 0.47, 'keyword_mentioned': 'movie', 'message_length': 37}
2025-09-24 00:18:22 | INFO | Sent message to Kafka topic 'project_json': {'message': 'I just shared a movie! It was boring.', 'author': 'Eve', 'timestamp': '2025-09-24 00:18:22', 'category': 'entertainment', 'sentiment': 0.47, 'keyword_mentioned': 'movie', 'message_length': 37}
2025-09-24 00:18:22 | INFO | Message 113: entertainment = 0.47
2025-09-24 00:18:24 | INFO | {'message': 'I just tried game! It was boring.', 'author': 'Bob', 'timestamp': '2025-09-24 00:18:24', 'category': 'gaming', 'sentiment': 0.28, 'keyword_mentioned': 'game', 'message_length': 33}
2025-09-24 00:18:24 | INFO | Sent message to Kafka topic 'project_json': {'message': 'I just tried game! It was boring.', 'author': 'Bob', 'timestamp': '2025-09-24 00:18:24', 'category': 'gaming', 'sentiment': 0.28, 'keyword_mentioned': 'game', 'message_length': 33}
2025-09-24 00:18:25 | INFO | Message 114: gaming = 0.28
2025-09-24 00:18:26 | INFO | {'message': 'I just shared game! It was amazing.', 'author': 'Charlie', 'timestamp': '2025-09-24 00:18:26', 'category': 'gaming', 'sentiment': 0.86, 'keyword_mentioned': 'game', 'message_length': 35}
2025-09-24 00:18:26 | INFO | Sent message to Kafka topic 'project_json': {'message': 'I just shared game! It was amazing.', 'author': 'Charlie', 'timestamp': '2025-09-24 00:18:26', 'category': 'gaming', 'sentiment': 0.86, 'keyword_mentioned': 'game', 'message_length': 35}
2025-09-24 00:18:26 | INFO | Message 115: gaming = 0.86
2025-09-24 00:18:28 | INFO | {'message': 'I just saw recipe! It was weird.', 'author': 'Alice', 'timestamp': '2025-09-24 00:18:28', 'category': 'food', 'sentiment': 0.38, 'keyword_mentioned': 'recipe', 'message_length': 32}
2025-09-24 00:18:28 | INFO | Sent message to Kafka topic 'project_json': {'message': 'I just saw recipe! It was weird.', 'author': 'Alice', 'timestamp': '2025-09-24 00:18:28', 'category': 'food', 'sentiment': 0.38, 'keyword_mentioned': 'recipe', 'message_length': 32}
2025-09-24 00:18:28 | INFO | Message 116: food = 0.38
2025-09-24 00:18:30 | INFO | {'message': 'I just shared recipe! It was funny.', 'author': 'Charlie', 'timestamp': '2025-09-24 00:18:30', 'category': 'food', 'sentiment': 0.1, 'keyword_mentioned': 'recipe', 'message_length': 35}
2025-09-24 00:18:30 | INFO | Sent message to Kafka topic 'project_json': {'message': 'I just shared recipe! It was funny.', 'author': 'Charlie', 'timestamp': '2025-09-24 00:18:30', 'category': 'food', 'sentiment': 0.1, 'keyword_mentioned': 'recipe', 'message_length': 35}
2025-09-24 00:18:30 | INFO | Message 117: food = 0.1
2025-09-24 00:18:32 | INFO | {'message': 'I just saw Python! It was funny.', 'author': 'Bob', 'timestamp': '2025-09-24 00:18:32', 'category': 'tech', 'sentiment': 0.77, 'keyword_mentioned': 'Python', 'message_length': 32}
2025-09-24 00:18:32 | INFO | Sent message to Kafka topic 'project_json': {'message': 'I just saw Python! It was funny.', 'author': 'Bob', 'timestamp': '2025-09-24 00:18:32', 'category': 'tech', 'sentiment': 0.77, 'keyword_mentioned': 'Python', 'message_length': 32}
2025-09-24 00:18:32 | INFO | Message 118: tech = 0.77
2025-09-24 00:18:34 | INFO | {'message': 'I just saw JavaScript! It was amazing.', 'author': 'Charlie', 'timestamp': '2025-09-24 00:18:34', 'category': 'tech', 'sentiment': 0.62, 'keyword_mentioned': 'JavaScript', 'message_length': 38}
2025-09-24 00:18:34 | INFO | Sent message to Kafka topic 'project_json': {'message': 'I just saw JavaScript! It was amazing.', 'author': 'Charlie', 'timestamp': '2025-09-24 00:18:34', 'category': 'tech', 'sentiment': 0.62, 'keyword_mentioned': 'JavaScript', 'message_length': 38}
2025-09-24 00:18:34 | INFO | Message 119: tech = 0.62
2025-09-24 00:18:36 | INFO | {'message': 'I just found Python! It was weird.', 'author': 'Alice', 'timestamp': '2025-09-24 00:18:36', 'category': 'tech', 'sentiment': 0.3, 'keyword_mentioned': 'Python', 'message_length': 34}
2025-09-24 00:18:36 | INFO | Sent message to Kafka topic 'project_json': {'message': 'I just found Python! It was weird.', 'author': 'Alice', 'timestamp': '2025-09-24 00:18:36', 'category': 'tech', 'sentiment': 0.3, 'keyword_mentioned': 'Python', 'message_length': 34}
2025-09-24 00:18:36 | INFO | Message 120: tech = 0.3
2025-09-24 00:18:38 | INFO | {'message': 'I just tried a movie! It was amazing.', 'author': 'Alice', 'timestamp': '2025-09-24 00:18:38', 'category': 'entertainment', 'sentiment': 0.69, 'keyword_mentioned': 'movie', 'message_length': 37}
2025-09-24 00:18:38 | INFO | Sent message to Kafka topic 'project_json': {'message': 'I just tried a movie! It was amazing.', 'author': 'Alice', 'timestamp': '2025-09-24 00:18:38', 'category': 'entertainment', 'sentiment': 0.69, 'keyword_mentioned': 'movie', 'message_length': 37}
2025-09-24 00:18:39 | INFO | Message 121: entertainment = 0.69
2025-09-24 00:18:40 | INFO | {'message': 'I just saw an app! It was amazing.', 'author': 'Alice', 'timestamp': '2025-09-24 00:18:40', 'category': 'other', 'sentiment': 0.28, 'keyword_mentioned': 'other', 'message_length': 34}
2025-09-24 00:18:40 | INFO | Sent message to Kafka topic 'project_json': {'message': 'I just saw an app! It was amazing.', 'author': 'Alice', 'timestamp': '2025-09-24 00:18:40', 'category': 'other', 'sentiment': 0.28, 'keyword_mentioned': 'other', 'message_length': 34}
2025-09-24 00:18:40 | INFO | Message 122: other = 0.28
2025-09-24 00:18:42 | INFO | {'message': 'I just tried travel! It was exciting.', 'author': 'Bob', 'timestamp': '2025-09-24 00:18:42', 'category': 'travel', 'sentiment': 0.98, 'keyword_mentioned': 'travel', 'message_length': 37}
2025-09-24 00:18:42 | INFO | Sent message to Kafka topic 'project_json': {'message': 'I just tried travel! It was exciting.', 'author': 'Bob', 'timestamp': '2025-09-24 00:18:42', 'category': 'travel', 'sentiment': 0.98, 'keyword_mentioned': 'travel', 'message_length': 37}
2025-09-24 00:18:42 | INFO | Message 123: travel = 0.98
2025-09-24 00:18:44 | INFO | {'message': 'I just loved an app! It was exciting.', 'author': 'Charlie', 'timestamp': '2025-09-24 00:18:44', 'category': 'other', 'sentiment': 0.46, 'keyword_mentioned': 'other', 'message_length': 37}
2025-09-24 00:18:44 | INFO | Sent message to Kafka topic 'project_json': {'message': 'I just loved an app! It was exciting.', 'author': 'Charlie', 'timestamp': '2025-09-24 00:18:44', 'category': 'other', 'sentiment': 0.46, 'keyword_mentioned': 'other', 'message_length': 37}
2025-09-24 00:18:44 | INFO | Message 124: other = 0.46
2025-09-24 00:18:46 | INFO | {'message': 'I just loved a trick! It was amazing.', 'author': 'Eve', 'timestamp': '2025-09-24 00:18:46', 'category': 'other', 'sentiment': 0.03, 'keyword_mentioned': 'other', 'message_length': 37}
2025-09-24 00:18:46 | INFO | Sent message to Kafka topic 'project_json': {'message': 'I just loved a trick! It was amazing.', 'author': 'Eve', 'timestamp': '2025-09-24 00:18:46', 'category': 'other', 'sentiment': 0.03, 'keyword_mentioned': 'other', 'message_length': 37}
2025-09-24 00:18:46 | INFO | Message 125: other = 0.03
2025-09-24 00:18:48 | INFO | {'message': 'I just found travel! It was weird.', 'author': 'Charlie', 'timestamp': '2025-09-24 00:18:48', 'category': 'travel', 'sentiment': 0.46, 'keyword_mentioned': 'travel', 'message_length': 34}
2025-09-24 00:18:48 | INFO | Message 126: travel = 0.46
